<?xml version="1.0" encoding="UTF-8"?>
<testsuite xmlns:xsi="http://www.w3.org/2001/XMLSchema-instance" xsi:noNamespaceSchemaLocation="https://maven.apache.org/surefire/maven-surefire-plugin/xsd/surefire-test-report.xsd" name="com.devonfw.application.jtqj.general.service.impl.rest.SecurityRestServiceImplTest" time="17.692" tests="3" errors="3" skipped="0" failures="0">
  <properties>
    <property name="sun.desktop" value="windows"/>
    <property name="awt.toolkit" value="sun.awt.windows.WToolkit"/>
    <property name="file.encoding.pkg" value="sun.io"/>
    <property name="java.specification.version" value="1.8"/>
    <property name="sun.cpu.isalist" value="amd64"/>
    <property name="sun.jnu.encoding" value="Cp1252"/>
    <property name="java.class.path" value="C:\Devon-dist_3.0.0\workspaces\jumpthequeue\jtqj\core\target\test-classes;C:\Devon-dist_3.0.0\workspaces\jumpthequeue\jtqj\core\target\classes;C:\Devon-dist_3.0.0\workspaces\jumpthequeue\jtqj\api\target\jtqj-api-v4.jar;C:\Devon-dist_3.0.0\conf\.m2\repository\org\springframework\data\spring-data-commons\2.0.9.RELEASE\spring-data-commons-2.0.9.RELEASE.jar;C:\Devon-dist_3.0.0\conf\.m2\repository\com\devonfw\java\modules\devon4j-rest\3.0.0\devon4j-rest-3.0.0.jar;C:\Devon-dist_3.0.0\conf\.m2\repository\com\fasterxml\jackson\jaxrs\jackson-jaxrs-json-provider\2.9.6\jackson-jaxrs-json-provider-2.9.6.jar;C:\Devon-dist_3.0.0\conf\.m2\repository\com\fasterxml\jackson\jaxrs\jackson-jaxrs-base\2.9.6\jackson-jaxrs-base-2.9.6.jar;C:\Devon-dist_3.0.0\conf\.m2\repository\com\fasterxml\jackson\module\jackson-module-jaxb-annotations\2.9.6\jackson-module-jaxb-annotations-2.9.6.jar;C:\Devon-dist_3.0.0\conf\.m2\repository\javax\ws\rs\javax.ws.rs-api\2.1\javax.ws.rs-api-2.1.jar;C:\Devon-dist_3.0.0\conf\.m2\repository\com\devonfw\java\modules\devon4j-service\3.0.0\devon4j-service-3.0.0.jar;C:\Devon-dist_3.0.0\conf\.m2\repository\com\devonfw\java\modules\devon4j-json\3.0.0\devon4j-json-3.0.0.jar;C:\Devon-dist_3.0.0\conf\.m2\repository\net\sf\m-m-m\mmm-util-validation\7.6.1\mmm-util-validation-7.6.1.jar;C:\Devon-dist_3.0.0\conf\.m2\repository\net\sf\m-m-m\mmm-util-pojopath\7.6.1\mmm-util-pojopath-7.6.1.jar;C:\Devon-dist_3.0.0\conf\.m2\repository\net\sf\m-m-m\mmm-util-value\7.6.1\mmm-util-value-7.6.1.jar;C:\Devon-dist_3.0.0\conf\.m2\repository\net\sf\m-m-m\mmm-util-pojo\7.6.1\mmm-util-pojo-7.6.1.jar;C:\Devon-dist_3.0.0\conf\.m2\repository\net\sf\m-m-m\mmm-util-reflect\7.6.1\mmm-util-reflect-7.6.1.jar;C:\Devon-dist_3.0.0\conf\.m2\repository\net\sf\m-m-m\mmm-util-collection\7.6.1\mmm-util-collection-7.6.1.jar;C:\Devon-dist_3.0.0\conf\.m2\repository\net\sf\m-m-m\mmm-util-math\7.6.1\mmm-util-math-7.6.1.jar;C:\Devon-dist_3.0.0\conf\.m2\repository\net\sf\m-m-m\mmm-util-lang\7.6.1\mmm-util-lang-7.6.1.jar;C:\Devon-dist_3.0.0\conf\.m2\repository\net\sf\m-m-m\mmm-util-exception\7.6.1\mmm-util-exception-7.6.1.jar;C:\Devon-dist_3.0.0\conf\.m2\repository\net\sf\m-m-m\mmm-util-nls\7.6.1\mmm-util-nls-7.6.1.jar;C:\Devon-dist_3.0.0\conf\.m2\repository\net\sf\m-m-m\mmm-util-text\7.6.1\mmm-util-text-7.6.1.jar;C:\Devon-dist_3.0.0\conf\.m2\repository\net\sf\m-m-m\mmm-util-date\7.6.1\mmm-util-date-7.6.1.jar;C:\Devon-dist_3.0.0\conf\.m2\repository\net\sf\m-m-m\mmm-util-scanner\7.6.1\mmm-util-scanner-7.6.1.jar;C:\Devon-dist_3.0.0\conf\.m2\repository\net\sf\m-m-m\mmm-util-session\7.6.1\mmm-util-session-7.6.1.jar;C:\Devon-dist_3.0.0\conf\.m2\repository\org\glassfish\web\javax.el\2.2.6\javax.el-2.2.6.jar;C:\Devon-dist_3.0.0\conf\.m2\repository\com\devonfw\java\modules\devon4j-logging\3.0.0\devon4j-logging-3.0.0.jar;C:\Devon-dist_3.0.0\conf\.m2\repository\ch\qos\logback\logback-classic\1.2.3\logback-classic-1.2.3.jar;C:\Devon-dist_3.0.0\conf\.m2\repository\ch\qos\logback\logback-core\1.2.3\logback-core-1.2.3.jar;C:\Devon-dist_3.0.0\conf\.m2\repository\org\slf4j\jcl-over-slf4j\1.7.25\jcl-over-slf4j-1.7.25.jar;C:\Devon-dist_3.0.0\conf\.m2\repository\org\apache\httpcomponents\httpclient\4.5.6\httpclient-4.5.6.jar;C:\Devon-dist_3.0.0\conf\.m2\repository\org\apache\httpcomponents\httpcore\4.4.10\httpcore-4.4.10.jar;C:\Devon-dist_3.0.0\conf\.m2\repository\commons-codec\commons-codec\1.11\commons-codec-1.11.jar;C:\Devon-dist_3.0.0\conf\.m2\repository\com\devonfw\java\modules\devon4j-beanmapping\3.0.0\devon4j-beanmapping-3.0.0.jar;C:\Devon-dist_3.0.0\conf\.m2\repository\com\devonfw\java\modules\devon4j-basic\3.0.0\devon4j-basic-3.0.0.jar;C:\Devon-dist_3.0.0\conf\.m2\repository\net\sf\dozer\dozer\5.5.1\dozer-5.5.1.jar;C:\Devon-dist_3.0.0\conf\.m2\repository\commons-beanutils\commons-beanutils\1.9.1\commons-beanutils-1.9.1.jar;C:\Devon-dist_3.0.0\conf\.m2\repository\commons-collections\commons-collections\3.2.1\commons-collections-3.2.1.jar;C:\Devon-dist_3.0.0\conf\.m2\repository\org\apache\commons\commons-lang3\3.7\commons-lang3-3.7.jar;C:\Devon-dist_3.0.0\conf\.m2\repository\javax\inject\javax.inject\1\javax.inject-1.jar;C:\Devon-dist_3.0.0\conf\.m2\repository\com\devonfw\java\modules\devon4j-security\3.0.0\devon4j-security-3.0.0.jar;C:\Devon-dist_3.0.0\conf\.m2\repository\org\springframework\spring-web\5.0.8.RELEASE\spring-web-5.0.8.RELEASE.jar;C:\Devon-dist_3.0.0\conf\.m2\repository\org\springframework\security\spring-security-config\5.0.7.RELEASE\spring-security-config-5.0.7.RELEASE.jar;C:\Devon-dist_3.0.0\conf\.m2\repository\org\springframework\security\spring-security-core\5.0.7.RELEASE\spring-security-core-5.0.7.RELEASE.jar;C:\Devon-dist_3.0.0\conf\.m2\repository\org\springframework\security\spring-security-web\5.0.7.RELEASE\spring-security-web-5.0.7.RELEASE.jar;C:\Devon-dist_3.0.0\conf\.m2\repository\javax\annotation\javax.annotation-api\1.3.2\javax.annotation-api-1.3.2.jar;C:\Devon-dist_3.0.0\conf\.m2\repository\com\fasterxml\jackson\core\jackson-databind\2.9.6\jackson-databind-2.9.6.jar;C:\Devon-dist_3.0.0\conf\.m2\repository\com\fasterxml\jackson\core\jackson-annotations\2.9.0\jackson-annotations-2.9.0.jar;C:\Devon-dist_3.0.0\conf\.m2\repository\com\fasterxml\jackson\core\jackson-core\2.9.6\jackson-core-2.9.6.jar;C:\Devon-dist_3.0.0\conf\.m2\repository\com\devonfw\java\modules\devon4j-web\3.0.0\devon4j-web-3.0.0.jar;C:\Devon-dist_3.0.0\conf\.m2\repository\com\devonfw\java\starters\devon4j-starter-cxf-client-rest\3.0.0\devon4j-starter-cxf-client-rest-3.0.0.jar;C:\Devon-dist_3.0.0\conf\.m2\repository\com\devonfw\java\starters\devon4j-starter-cxf-client\3.0.0\devon4j-starter-cxf-client-3.0.0.jar;C:\Devon-dist_3.0.0\conf\.m2\repository\com\devonfw\java\modules\devon4j-cxf-client\3.0.0\devon4j-cxf-client-3.0.0.jar;C:\Devon-dist_3.0.0\conf\.m2\repository\com\devonfw\java\modules\devon4j-cxf-client-rest\3.0.0\devon4j-cxf-client-rest-3.0.0.jar;C:\Devon-dist_3.0.0\conf\.m2\repository\org\apache\cxf\cxf-rt-rs-client\3.2.5\cxf-rt-rs-client-3.2.5.jar;C:\Devon-dist_3.0.0\conf\.m2\repository\com\devonfw\java\starters\devon4j-starter-cxf-client-ws\3.0.0\devon4j-starter-cxf-client-ws-3.0.0.jar;C:\Devon-dist_3.0.0\conf\.m2\repository\com\devonfw\java\modules\devon4j-cxf-client-ws\3.0.0\devon4j-cxf-client-ws-3.0.0.jar;C:\Devon-dist_3.0.0\conf\.m2\repository\org\apache\cxf\cxf-rt-frontend-jaxws\3.2.5\cxf-rt-frontend-jaxws-3.2.5.jar;C:\Devon-dist_3.0.0\conf\.m2\repository\xml-resolver\xml-resolver\1.2\xml-resolver-1.2.jar;C:\Devon-dist_3.0.0\conf\.m2\repository\org\apache\cxf\cxf-rt-bindings-soap\3.2.5\cxf-rt-bindings-soap-3.2.5.jar;C:\Devon-dist_3.0.0\conf\.m2\repository\org\apache\cxf\cxf-rt-wsdl\3.2.5\cxf-rt-wsdl-3.2.5.jar;C:\Devon-dist_3.0.0\conf\.m2\repository\wsdl4j\wsdl4j\1.6.3\wsdl4j-1.6.3.jar;C:\Devon-dist_3.0.0\conf\.m2\repository\org\apache\cxf\cxf-rt-databinding-jaxb\3.2.5\cxf-rt-databinding-jaxb-3.2.5.jar;C:\Devon-dist_3.0.0\conf\.m2\repository\org\apache\cxf\cxf-rt-bindings-xml\3.2.5\cxf-rt-bindings-xml-3.2.5.jar;C:\Devon-dist_3.0.0\conf\.m2\repository\org\apache\cxf\cxf-rt-frontend-simple\3.2.5\cxf-rt-frontend-simple-3.2.5.jar;C:\Devon-dist_3.0.0\conf\.m2\repository\org\apache\cxf\cxf-rt-ws-addr\3.2.5\cxf-rt-ws-addr-3.2.5.jar;C:\Devon-dist_3.0.0\conf\.m2\repository\org\apache\cxf\cxf-rt-ws-policy\3.2.5\cxf-rt-ws-policy-3.2.5.jar;C:\Devon-dist_3.0.0\conf\.m2\repository\org\apache\neethi\neethi\3.1.1\neethi-3.1.1.jar;C:\Devon-dist_3.0.0\conf\.m2\repository\com\devonfw\java\starters\devon4j-starter-cxf-server-rest\3.0.0\devon4j-starter-cxf-server-rest-3.0.0.jar;C:\Devon-dist_3.0.0\conf\.m2\repository\com\devonfw\java\starters\devon4j-starter-cxf-server\3.0.0\devon4j-starter-cxf-server-3.0.0.jar;C:\Devon-dist_3.0.0\conf\.m2\repository\com\devonfw\java\modules\devon4j-cxf-server\3.0.0\devon4j-cxf-server-3.0.0.jar;C:\Devon-dist_3.0.0\conf\.m2\repository\com\devonfw\java\modules\devon4j-cxf-server-rest\3.0.0\devon4j-cxf-server-rest-3.0.0.jar;C:\Devon-dist_3.0.0\conf\.m2\repository\com\devonfw\java\starters\devon4j-starter-cxf-server-ws\3.0.0\devon4j-starter-cxf-server-ws-3.0.0.jar;C:\Devon-dist_3.0.0\conf\.m2\repository\com\devonfw\java\modules\devon4j-cxf-server-ws\3.0.0\devon4j-cxf-server-ws-3.0.0.jar;C:\Devon-dist_3.0.0\conf\.m2\repository\org\springframework\boot\spring-boot-starter-web-services\2.0.4.RELEASE\spring-boot-starter-web-services-2.0.4.RELEASE.jar;C:\Devon-dist_3.0.0\conf\.m2\repository\org\springframework\spring-oxm\5.0.8.RELEASE\spring-oxm-5.0.8.RELEASE.jar;C:\Devon-dist_3.0.0\conf\.m2\repository\org\springframework\ws\spring-ws-core\3.0.3.RELEASE\spring-ws-core-3.0.3.RELEASE.jar;C:\Devon-dist_3.0.0\conf\.m2\repository\org\springframework\ws\spring-xml\3.0.3.RELEASE\spring-xml-3.0.3.RELEASE.jar;C:\Devon-dist_3.0.0\conf\.m2\repository\commons-io\commons-io\2.5\commons-io-2.5.jar;C:\Devon-dist_3.0.0\conf\.m2\repository\com\devonfw\java\starters\devon4j-starter-spring-data-jpa\3.0.0\devon4j-starter-spring-data-jpa-3.0.0.jar;C:\Devon-dist_3.0.0\conf\.m2\repository\com\devonfw\java\modules\devon4j-jpa-spring-data\3.0.0\devon4j-jpa-spring-data-3.0.0.jar;C:\Devon-dist_3.0.0\conf\.m2\repository\com\devonfw\java\modules\devon4j-jpa-basic\3.0.0\devon4j-jpa-basic-3.0.0.jar;C:\Devon-dist_3.0.0\conf\.m2\repository\org\springframework\data\spring-data-jpa\2.0.9.RELEASE\spring-data-jpa-2.0.9.RELEASE.jar;C:\Devon-dist_3.0.0\conf\.m2\repository\org\springframework\spring-orm\5.0.8.RELEASE\spring-orm-5.0.8.RELEASE.jar;C:\Devon-dist_3.0.0\conf\.m2\repository\org\aspectj\aspectjrt\1.8.13\aspectjrt-1.8.13.jar;C:\Devon-dist_3.0.0\conf\.m2\repository\org\aspectj\aspectjweaver\1.8.13\aspectjweaver-1.8.13.jar;C:\Devon-dist_3.0.0\conf\.m2\repository\org\springframework\boot\spring-boot-starter-data-jpa\2.0.4.RELEASE\spring-boot-starter-data-jpa-2.0.4.RELEASE.jar;C:\Devon-dist_3.0.0\conf\.m2\repository\org\springframework\boot\spring-boot-starter-aop\2.0.4.RELEASE\spring-boot-starter-aop-2.0.4.RELEASE.jar;C:\Devon-dist_3.0.0\conf\.m2\repository\javax\transaction\javax.transaction-api\1.2\javax.transaction-api-1.2.jar;C:\Devon-dist_3.0.0\conf\.m2\repository\org\springframework\spring-aspects\5.0.8.RELEASE\spring-aspects-5.0.8.RELEASE.jar;C:\Devon-dist_3.0.0\conf\.m2\repository\org\springframework\boot\spring-boot-starter-jdbc\2.0.4.RELEASE\spring-boot-starter-jdbc-2.0.4.RELEASE.jar;C:\Devon-dist_3.0.0\conf\.m2\repository\org\springframework\boot\spring-boot-starter\2.0.4.RELEASE\spring-boot-starter-2.0.4.RELEASE.jar;C:\Devon-dist_3.0.0\conf\.m2\repository\org\springframework\boot\spring-boot\2.0.4.RELEASE\spring-boot-2.0.4.RELEASE.jar;C:\Devon-dist_3.0.0\conf\.m2\repository\org\springframework\boot\spring-boot-autoconfigure\2.0.4.RELEASE\spring-boot-autoconfigure-2.0.4.RELEASE.jar;C:\Devon-dist_3.0.0\conf\.m2\repository\org\springframework\boot\spring-boot-starter-logging\2.0.4.RELEASE\spring-boot-starter-logging-2.0.4.RELEASE.jar;C:\Devon-dist_3.0.0\conf\.m2\repository\org\apache\logging\log4j\log4j-to-slf4j\2.10.0\log4j-to-slf4j-2.10.0.jar;C:\Devon-dist_3.0.0\conf\.m2\repository\org\apache\logging\log4j\log4j-api\2.10.0\log4j-api-2.10.0.jar;C:\Devon-dist_3.0.0\conf\.m2\repository\org\slf4j\jul-to-slf4j\1.7.25\jul-to-slf4j-1.7.25.jar;C:\Devon-dist_3.0.0\conf\.m2\repository\org\yaml\snakeyaml\1.19\snakeyaml-1.19.jar;C:\Devon-dist_3.0.0\conf\.m2\repository\com\zaxxer\HikariCP\2.7.9\HikariCP-2.7.9.jar;C:\Devon-dist_3.0.0\conf\.m2\repository\org\springframework\spring-jdbc\5.0.8.RELEASE\spring-jdbc-5.0.8.RELEASE.jar;C:\Devon-dist_3.0.0\conf\.m2\repository\org\springframework\spring-tx\5.0.8.RELEASE\spring-tx-5.0.8.RELEASE.jar;C:\Devon-dist_3.0.0\conf\.m2\repository\org\hibernate\javax\persistence\hibernate-jpa-2.1-api\1.0.2.Final\hibernate-jpa-2.1-api-1.0.2.Final.jar;C:\Devon-dist_3.0.0\conf\.m2\repository\org\hibernate\hibernate-entitymanager\5.2.17.Final\hibernate-entitymanager-5.2.17.Final.jar;C:\Devon-dist_3.0.0\conf\.m2\repository\org\jboss\logging\jboss-logging\3.3.2.Final\jboss-logging-3.3.2.Final.jar;C:\Devon-dist_3.0.0\conf\.m2\repository\org\hibernate\hibernate-core\5.2.17.Final\hibernate-core-5.2.17.Final.jar;C:\Devon-dist_3.0.0\conf\.m2\repository\antlr\antlr\2.7.7\antlr-2.7.7.jar;C:\Devon-dist_3.0.0\conf\.m2\repository\org\jboss\jandex\2.0.3.Final\jandex-2.0.3.Final.jar;C:\Devon-dist_3.0.0\conf\.m2\repository\dom4j\dom4j\1.6.1\dom4j-1.6.1.jar;C:\Devon-dist_3.0.0\conf\.m2\repository\org\hibernate\common\hibernate-commons-annotations\5.0.1.Final\hibernate-commons-annotations-5.0.1.Final.jar;C:\Devon-dist_3.0.0\conf\.m2\repository\org\javassist\javassist\3.22.0-GA\javassist-3.22.0-GA.jar;C:\Devon-dist_3.0.0\conf\.m2\repository\net\bytebuddy\byte-buddy\1.7.11\byte-buddy-1.7.11.jar;C:\Devon-dist_3.0.0\conf\.m2\repository\org\jboss\spec\javax\transaction\jboss-transaction-api_1.2_spec\1.0.1.Final\jboss-transaction-api_1.2_spec-1.0.1.Final.jar;C:\Devon-dist_3.0.0\conf\.m2\repository\com\querydsl\querydsl-jpa\4.1.4\querydsl-jpa-4.1.4.jar;C:\Devon-dist_3.0.0\conf\.m2\repository\com\querydsl\querydsl-core\4.1.4\querydsl-core-4.1.4.jar;C:\Devon-dist_3.0.0\conf\.m2\repository\com\google\guava\guava\17.0\guava-17.0.jar;C:\Devon-dist_3.0.0\conf\.m2\repository\com\google\code\findbugs\jsr305\1.3.9\jsr305-1.3.9.jar;C:\Devon-dist_3.0.0\conf\.m2\repository\com\mysema\commons\mysema-commons-lang\0.2.4\mysema-commons-lang-0.2.4.jar;C:\Devon-dist_3.0.0\conf\.m2\repository\com\infradna\tool\bridge-method-annotation\1.13\bridge-method-annotation-1.13.jar;C:\Devon-dist_3.0.0\conf\.m2\repository\com\querydsl\querydsl-apt\4.1.4\querydsl-apt-4.1.4.jar;C:\Devon-dist_3.0.0\conf\.m2\repository\com\querydsl\querydsl-codegen\4.1.4\querydsl-codegen-4.1.4.jar;C:\Devon-dist_3.0.0\conf\.m2\repository\com\mysema\codegen\codegen\0.6.8\codegen-0.6.8.jar;C:\Devon-dist_3.0.0\conf\.m2\repository\org\eclipse\jdt\core\compiler\ecj\4.3.1\ecj-4.3.1.jar;C:\Devon-dist_3.0.0\conf\.m2\repository\org\reflections\reflections\0.9.9\reflections-0.9.9.jar;C:\Devon-dist_3.0.0\conf\.m2\repository\com\google\code\findbugs\annotations\2.0.1\annotations-2.0.1.jar;C:\Devon-dist_3.0.0\conf\.m2\repository\javax\jdo\jdo-api\3.0.1\jdo-api-3.0.1.jar;C:\Devon-dist_3.0.0\conf\.m2\repository\javax\transaction\jta\1.1\jta-1.1.jar;C:\Devon-dist_3.0.0\conf\.m2\repository\org\hibernate\validator\hibernate-validator\6.0.11.Final\hibernate-validator-6.0.11.Final.jar;C:\Devon-dist_3.0.0\conf\.m2\repository\javax\validation\validation-api\2.0.1.Final\validation-api-2.0.1.Final.jar;C:\Devon-dist_3.0.0\conf\.m2\repository\com\fasterxml\classmate\1.3.4\classmate-1.3.4.jar;C:\Devon-dist_3.0.0\conf\.m2\repository\javax\servlet\javax.servlet-api\3.1.0\javax.servlet-api-3.1.0.jar;C:\Devon-dist_3.0.0\conf\.m2\repository\javax\el\javax.el-api\3.0.0\javax.el-api-3.0.0.jar;C:\Devon-dist_3.0.0\conf\.m2\repository\org\springframework\spring-webmvc\5.0.8.RELEASE\spring-webmvc-5.0.8.RELEASE.jar;C:\Devon-dist_3.0.0\conf\.m2\repository\org\springframework\spring-beans\5.0.8.RELEASE\spring-beans-5.0.8.RELEASE.jar;C:\Devon-dist_3.0.0\conf\.m2\repository\org\springframework\spring-context\5.0.8.RELEASE\spring-context-5.0.8.RELEASE.jar;C:\Devon-dist_3.0.0\conf\.m2\repository\org\springframework\spring-core\5.0.8.RELEASE\spring-core-5.0.8.RELEASE.jar;C:\Devon-dist_3.0.0\conf\.m2\repository\org\springframework\spring-jcl\5.0.8.RELEASE\spring-jcl-5.0.8.RELEASE.jar;C:\Devon-dist_3.0.0\conf\.m2\repository\org\springframework\spring-expression\5.0.8.RELEASE\spring-expression-5.0.8.RELEASE.jar;C:\Devon-dist_3.0.0\conf\.m2\repository\com\h2database\h2\1.4.197\h2-1.4.197.jar;C:\Devon-dist_3.0.0\conf\.m2\repository\org\flywaydb\flyway-core\5.0.7\flyway-core-5.0.7.jar;C:\Devon-dist_3.0.0\conf\.m2\repository\org\apache\cxf\cxf-rt-rs-service-description\3.2.5\cxf-rt-rs-service-description-3.2.5.jar;C:\Devon-dist_3.0.0\conf\.m2\repository\org\apache\cxf\cxf-rt-frontend-jaxrs\3.2.5\cxf-rt-frontend-jaxrs-3.2.5.jar;C:\Devon-dist_3.0.0\conf\.m2\repository\org\apache\cxf\cxf-core\3.2.5\cxf-core-3.2.5.jar;C:\Devon-dist_3.0.0\conf\.m2\repository\com\fasterxml\woodstox\woodstox-core\5.0.3\woodstox-core-5.0.3.jar;C:\Devon-dist_3.0.0\conf\.m2\repository\org\codehaus\woodstox\stax2-api\3.1.4\stax2-api-3.1.4.jar;C:\Devon-dist_3.0.0\conf\.m2\repository\org\apache\ws\xmlschema\xmlschema-core\2.2.3\xmlschema-core-2.2.3.jar;C:\Devon-dist_3.0.0\conf\.m2\repository\org\apache\cxf\cxf-rt-transports-http\3.2.5\cxf-rt-transports-http-3.2.5.jar;C:\Devon-dist_3.0.0\conf\.m2\repository\org\springframework\boot\spring-boot-starter-actuator\2.0.4.RELEASE\spring-boot-starter-actuator-2.0.4.RELEASE.jar;C:\Devon-dist_3.0.0\conf\.m2\repository\org\springframework\boot\spring-boot-actuator-autoconfigure\2.0.4.RELEASE\spring-boot-actuator-autoconfigure-2.0.4.RELEASE.jar;C:\Devon-dist_3.0.0\conf\.m2\repository\org\springframework\boot\spring-boot-actuator\2.0.4.RELEASE\spring-boot-actuator-2.0.4.RELEASE.jar;C:\Devon-dist_3.0.0\conf\.m2\repository\com\fasterxml\jackson\datatype\jackson-datatype-jsr310\2.9.6\jackson-datatype-jsr310-2.9.6.jar;C:\Devon-dist_3.0.0\conf\.m2\repository\io\micrometer\micrometer-core\1.0.6\micrometer-core-1.0.6.jar;C:\Devon-dist_3.0.0\conf\.m2\repository\org\hdrhistogram\HdrHistogram\2.1.10\HdrHistogram-2.1.10.jar;C:\Devon-dist_3.0.0\conf\.m2\repository\org\latencyutils\LatencyUtils\2.0.3\LatencyUtils-2.0.3.jar;C:\Devon-dist_3.0.0\conf\.m2\repository\org\springframework\spring-aop\5.0.8.RELEASE\spring-aop-5.0.8.RELEASE.jar;C:\Devon-dist_3.0.0\conf\.m2\repository\cglib\cglib\3.2.5\cglib-3.2.5.jar;C:\Devon-dist_3.0.0\conf\.m2\repository\org\ow2\asm\asm\5.2\asm-5.2.jar;C:\Devon-dist_3.0.0\conf\.m2\repository\org\apache\ant\ant\1.9.6\ant-1.9.6.jar;C:\Devon-dist_3.0.0\conf\.m2\repository\org\apache\ant\ant-launcher\1.9.6\ant-launcher-1.9.6.jar;C:\Devon-dist_3.0.0\conf\.m2\repository\net\logstash\logback\logstash-logback-encoder\5.2\logstash-logback-encoder-5.2.jar;C:\Devon-dist_3.0.0\conf\.m2\repository\com\devonfw\java\modules\devon4j-test\3.0.0\devon4j-test-3.0.0.jar;C:\Devon-dist_3.0.0\conf\.m2\repository\org\mockito\mockito-core\2.15.0\mockito-core-2.15.0.jar;C:\Devon-dist_3.0.0\conf\.m2\repository\net\bytebuddy\byte-buddy-agent\1.7.11\byte-buddy-agent-1.7.11.jar;C:\Devon-dist_3.0.0\conf\.m2\repository\org\objenesis\objenesis\2.6\objenesis-2.6.jar;C:\Devon-dist_3.0.0\conf\.m2\repository\org\springframework\boot\spring-boot-starter-test\2.0.4.RELEASE\spring-boot-starter-test-2.0.4.RELEASE.jar;C:\Devon-dist_3.0.0\conf\.m2\repository\org\springframework\boot\spring-boot-test\2.0.4.RELEASE\spring-boot-test-2.0.4.RELEASE.jar;C:\Devon-dist_3.0.0\conf\.m2\repository\org\springframework\boot\spring-boot-test-autoconfigure\2.0.4.RELEASE\spring-boot-test-autoconfigure-2.0.4.RELEASE.jar;C:\Devon-dist_3.0.0\conf\.m2\repository\com\jayway\jsonpath\json-path\2.4.0\json-path-2.4.0.jar;C:\Devon-dist_3.0.0\conf\.m2\repository\net\minidev\json-smart\2.3\json-smart-2.3.jar;C:\Devon-dist_3.0.0\conf\.m2\repository\net\minidev\accessors-smart\1.2\accessors-smart-1.2.jar;C:\Devon-dist_3.0.0\conf\.m2\repository\org\assertj\assertj-core\3.9.1\assertj-core-3.9.1.jar;C:\Devon-dist_3.0.0\conf\.m2\repository\org\hamcrest\hamcrest-core\1.3\hamcrest-core-1.3.jar;C:\Devon-dist_3.0.0\conf\.m2\repository\org\hamcrest\hamcrest-library\1.3\hamcrest-library-1.3.jar;C:\Devon-dist_3.0.0\conf\.m2\repository\org\springframework\spring-test\5.0.8.RELEASE\spring-test-5.0.8.RELEASE.jar;C:\Devon-dist_3.0.0\conf\.m2\repository\org\xmlunit\xmlunit-core\2.5.1\xmlunit-core-2.5.1.jar;C:\Devon-dist_3.0.0\conf\.m2\repository\org\springframework\boot\spring-boot-starter-web\2.0.4.RELEASE\spring-boot-starter-web-2.0.4.RELEASE.jar;C:\Devon-dist_3.0.0\conf\.m2\repository\org\springframework\boot\spring-boot-starter-json\2.0.4.RELEASE\spring-boot-starter-json-2.0.4.RELEASE.jar;C:\Devon-dist_3.0.0\conf\.m2\repository\com\fasterxml\jackson\datatype\jackson-datatype-jdk8\2.9.6\jackson-datatype-jdk8-2.9.6.jar;C:\Devon-dist_3.0.0\conf\.m2\repository\com\fasterxml\jackson\module\jackson-module-parameter-names\2.9.6\jackson-module-parameter-names-2.9.6.jar;C:\Devon-dist_3.0.0\conf\.m2\repository\org\skyscreamer\jsonassert\1.5.0\jsonassert-1.5.0.jar;C:\Devon-dist_3.0.0\conf\.m2\repository\com\vaadin\external\google\android-json\0.0.20131108.vaadin1\android-json-0.0.20131108.vaadin1.jar;C:\Devon-dist_3.0.0\conf\.m2\repository\org\springframework\boot\spring-boot-starter-tomcat\2.0.4.RELEASE\spring-boot-starter-tomcat-2.0.4.RELEASE.jar;C:\Devon-dist_3.0.0\conf\.m2\repository\org\apache\tomcat\embed\tomcat-embed-core\8.5.32\tomcat-embed-core-8.5.32.jar;C:\Devon-dist_3.0.0\conf\.m2\repository\org\apache\tomcat\embed\tomcat-embed-el\8.5.32\tomcat-embed-el-8.5.32.jar;C:\Devon-dist_3.0.0\conf\.m2\repository\org\apache\tomcat\embed\tomcat-embed-websocket\8.5.32\tomcat-embed-websocket-8.5.32.jar;C:\Devon-dist_3.0.0\conf\.m2\repository\junit\junit\4.12\junit-4.12.jar;C:\Devon-dist_3.0.0\conf\.m2\repository\org\slf4j\slf4j-api\1.7.25\slf4j-api-1.7.25.jar;"/>
    <property name="java.vm.vendor" value="Oracle Corporation"/>
    <property name="sun.arch.data.model" value="64"/>
    <property name="user.variant" value=""/>
    <property name="java.vendor.url" value="http://java.oracle.com/"/>
    <property name="user.timezone" value=""/>
    <property name="user.country.format" value="ES"/>
    <property name="java.vm.specification.version" value="1.8"/>
    <property name="os.name" value="Windows 10"/>
    <property name="user.country" value="US"/>
    <property name="sun.java.launcher" value="SUN_STANDARD"/>
    <property name="sun.boot.library.path" value="C:\Devon-dist_3.0.0\software\java\jre\bin"/>
    <property name="sun.java.command" value="C:\Users\dargonza\AppData\Local\Temp\surefire7557932047144621716\surefirebooter318628361554308954.jar C:\Users\dargonza\AppData\Local\Temp\surefire7557932047144621716 2019-01-18T12-58-27_254-jvmRun1 surefire7655775115155288369tmp surefire_03739640325179434880tmp"/>
    <property name="surefire.test.class.path" value="C:\Devon-dist_3.0.0\workspaces\jumpthequeue\jtqj\core\target\test-classes;C:\Devon-dist_3.0.0\workspaces\jumpthequeue\jtqj\core\target\classes;C:\Devon-dist_3.0.0\workspaces\jumpthequeue\jtqj\api\target\jtqj-api-v4.jar;C:\Devon-dist_3.0.0\conf\.m2\repository\org\springframework\data\spring-data-commons\2.0.9.RELEASE\spring-data-commons-2.0.9.RELEASE.jar;C:\Devon-dist_3.0.0\conf\.m2\repository\com\devonfw\java\modules\devon4j-rest\3.0.0\devon4j-rest-3.0.0.jar;C:\Devon-dist_3.0.0\conf\.m2\repository\com\fasterxml\jackson\jaxrs\jackson-jaxrs-json-provider\2.9.6\jackson-jaxrs-json-provider-2.9.6.jar;C:\Devon-dist_3.0.0\conf\.m2\repository\com\fasterxml\jackson\jaxrs\jackson-jaxrs-base\2.9.6\jackson-jaxrs-base-2.9.6.jar;C:\Devon-dist_3.0.0\conf\.m2\repository\com\fasterxml\jackson\module\jackson-module-jaxb-annotations\2.9.6\jackson-module-jaxb-annotations-2.9.6.jar;C:\Devon-dist_3.0.0\conf\.m2\repository\javax\ws\rs\javax.ws.rs-api\2.1\javax.ws.rs-api-2.1.jar;C:\Devon-dist_3.0.0\conf\.m2\repository\com\devonfw\java\modules\devon4j-service\3.0.0\devon4j-service-3.0.0.jar;C:\Devon-dist_3.0.0\conf\.m2\repository\com\devonfw\java\modules\devon4j-json\3.0.0\devon4j-json-3.0.0.jar;C:\Devon-dist_3.0.0\conf\.m2\repository\net\sf\m-m-m\mmm-util-validation\7.6.1\mmm-util-validation-7.6.1.jar;C:\Devon-dist_3.0.0\conf\.m2\repository\net\sf\m-m-m\mmm-util-pojopath\7.6.1\mmm-util-pojopath-7.6.1.jar;C:\Devon-dist_3.0.0\conf\.m2\repository\net\sf\m-m-m\mmm-util-value\7.6.1\mmm-util-value-7.6.1.jar;C:\Devon-dist_3.0.0\conf\.m2\repository\net\sf\m-m-m\mmm-util-pojo\7.6.1\mmm-util-pojo-7.6.1.jar;C:\Devon-dist_3.0.0\conf\.m2\repository\net\sf\m-m-m\mmm-util-reflect\7.6.1\mmm-util-reflect-7.6.1.jar;C:\Devon-dist_3.0.0\conf\.m2\repository\net\sf\m-m-m\mmm-util-collection\7.6.1\mmm-util-collection-7.6.1.jar;C:\Devon-dist_3.0.0\conf\.m2\repository\net\sf\m-m-m\mmm-util-math\7.6.1\mmm-util-math-7.6.1.jar;C:\Devon-dist_3.0.0\conf\.m2\repository\net\sf\m-m-m\mmm-util-lang\7.6.1\mmm-util-lang-7.6.1.jar;C:\Devon-dist_3.0.0\conf\.m2\repository\net\sf\m-m-m\mmm-util-exception\7.6.1\mmm-util-exception-7.6.1.jar;C:\Devon-dist_3.0.0\conf\.m2\repository\net\sf\m-m-m\mmm-util-nls\7.6.1\mmm-util-nls-7.6.1.jar;C:\Devon-dist_3.0.0\conf\.m2\repository\net\sf\m-m-m\mmm-util-text\7.6.1\mmm-util-text-7.6.1.jar;C:\Devon-dist_3.0.0\conf\.m2\repository\net\sf\m-m-m\mmm-util-date\7.6.1\mmm-util-date-7.6.1.jar;C:\Devon-dist_3.0.0\conf\.m2\repository\net\sf\m-m-m\mmm-util-scanner\7.6.1\mmm-util-scanner-7.6.1.jar;C:\Devon-dist_3.0.0\conf\.m2\repository\net\sf\m-m-m\mmm-util-session\7.6.1\mmm-util-session-7.6.1.jar;C:\Devon-dist_3.0.0\conf\.m2\repository\org\glassfish\web\javax.el\2.2.6\javax.el-2.2.6.jar;C:\Devon-dist_3.0.0\conf\.m2\repository\com\devonfw\java\modules\devon4j-logging\3.0.0\devon4j-logging-3.0.0.jar;C:\Devon-dist_3.0.0\conf\.m2\repository\ch\qos\logback\logback-classic\1.2.3\logback-classic-1.2.3.jar;C:\Devon-dist_3.0.0\conf\.m2\repository\ch\qos\logback\logback-core\1.2.3\logback-core-1.2.3.jar;C:\Devon-dist_3.0.0\conf\.m2\repository\org\slf4j\jcl-over-slf4j\1.7.25\jcl-over-slf4j-1.7.25.jar;C:\Devon-dist_3.0.0\conf\.m2\repository\org\apache\httpcomponents\httpclient\4.5.6\httpclient-4.5.6.jar;C:\Devon-dist_3.0.0\conf\.m2\repository\org\apache\httpcomponents\httpcore\4.4.10\httpcore-4.4.10.jar;C:\Devon-dist_3.0.0\conf\.m2\repository\commons-codec\commons-codec\1.11\commons-codec-1.11.jar;C:\Devon-dist_3.0.0\conf\.m2\repository\com\devonfw\java\modules\devon4j-beanmapping\3.0.0\devon4j-beanmapping-3.0.0.jar;C:\Devon-dist_3.0.0\conf\.m2\repository\com\devonfw\java\modules\devon4j-basic\3.0.0\devon4j-basic-3.0.0.jar;C:\Devon-dist_3.0.0\conf\.m2\repository\net\sf\dozer\dozer\5.5.1\dozer-5.5.1.jar;C:\Devon-dist_3.0.0\conf\.m2\repository\commons-beanutils\commons-beanutils\1.9.1\commons-beanutils-1.9.1.jar;C:\Devon-dist_3.0.0\conf\.m2\repository\commons-collections\commons-collections\3.2.1\commons-collections-3.2.1.jar;C:\Devon-dist_3.0.0\conf\.m2\repository\org\apache\commons\commons-lang3\3.7\commons-lang3-3.7.jar;C:\Devon-dist_3.0.0\conf\.m2\repository\javax\inject\javax.inject\1\javax.inject-1.jar;C:\Devon-dist_3.0.0\conf\.m2\repository\com\devonfw\java\modules\devon4j-security\3.0.0\devon4j-security-3.0.0.jar;C:\Devon-dist_3.0.0\conf\.m2\repository\org\springframework\spring-web\5.0.8.RELEASE\spring-web-5.0.8.RELEASE.jar;C:\Devon-dist_3.0.0\conf\.m2\repository\org\springframework\security\spring-security-config\5.0.7.RELEASE\spring-security-config-5.0.7.RELEASE.jar;C:\Devon-dist_3.0.0\conf\.m2\repository\org\springframework\security\spring-security-core\5.0.7.RELEASE\spring-security-core-5.0.7.RELEASE.jar;C:\Devon-dist_3.0.0\conf\.m2\repository\org\springframework\security\spring-security-web\5.0.7.RELEASE\spring-security-web-5.0.7.RELEASE.jar;C:\Devon-dist_3.0.0\conf\.m2\repository\javax\annotation\javax.annotation-api\1.3.2\javax.annotation-api-1.3.2.jar;C:\Devon-dist_3.0.0\conf\.m2\repository\com\fasterxml\jackson\core\jackson-databind\2.9.6\jackson-databind-2.9.6.jar;C:\Devon-dist_3.0.0\conf\.m2\repository\com\fasterxml\jackson\core\jackson-annotations\2.9.0\jackson-annotations-2.9.0.jar;C:\Devon-dist_3.0.0\conf\.m2\repository\com\fasterxml\jackson\core\jackson-core\2.9.6\jackson-core-2.9.6.jar;C:\Devon-dist_3.0.0\conf\.m2\repository\com\devonfw\java\modules\devon4j-web\3.0.0\devon4j-web-3.0.0.jar;C:\Devon-dist_3.0.0\conf\.m2\repository\com\devonfw\java\starters\devon4j-starter-cxf-client-rest\3.0.0\devon4j-starter-cxf-client-rest-3.0.0.jar;C:\Devon-dist_3.0.0\conf\.m2\repository\com\devonfw\java\starters\devon4j-starter-cxf-client\3.0.0\devon4j-starter-cxf-client-3.0.0.jar;C:\Devon-dist_3.0.0\conf\.m2\repository\com\devonfw\java\modules\devon4j-cxf-client\3.0.0\devon4j-cxf-client-3.0.0.jar;C:\Devon-dist_3.0.0\conf\.m2\repository\com\devonfw\java\modules\devon4j-cxf-client-rest\3.0.0\devon4j-cxf-client-rest-3.0.0.jar;C:\Devon-dist_3.0.0\conf\.m2\repository\org\apache\cxf\cxf-rt-rs-client\3.2.5\cxf-rt-rs-client-3.2.5.jar;C:\Devon-dist_3.0.0\conf\.m2\repository\com\devonfw\java\starters\devon4j-starter-cxf-client-ws\3.0.0\devon4j-starter-cxf-client-ws-3.0.0.jar;C:\Devon-dist_3.0.0\conf\.m2\repository\com\devonfw\java\modules\devon4j-cxf-client-ws\3.0.0\devon4j-cxf-client-ws-3.0.0.jar;C:\Devon-dist_3.0.0\conf\.m2\repository\org\apache\cxf\cxf-rt-frontend-jaxws\3.2.5\cxf-rt-frontend-jaxws-3.2.5.jar;C:\Devon-dist_3.0.0\conf\.m2\repository\xml-resolver\xml-resolver\1.2\xml-resolver-1.2.jar;C:\Devon-dist_3.0.0\conf\.m2\repository\org\apache\cxf\cxf-rt-bindings-soap\3.2.5\cxf-rt-bindings-soap-3.2.5.jar;C:\Devon-dist_3.0.0\conf\.m2\repository\org\apache\cxf\cxf-rt-wsdl\3.2.5\cxf-rt-wsdl-3.2.5.jar;C:\Devon-dist_3.0.0\conf\.m2\repository\wsdl4j\wsdl4j\1.6.3\wsdl4j-1.6.3.jar;C:\Devon-dist_3.0.0\conf\.m2\repository\org\apache\cxf\cxf-rt-databinding-jaxb\3.2.5\cxf-rt-databinding-jaxb-3.2.5.jar;C:\Devon-dist_3.0.0\conf\.m2\repository\org\apache\cxf\cxf-rt-bindings-xml\3.2.5\cxf-rt-bindings-xml-3.2.5.jar;C:\Devon-dist_3.0.0\conf\.m2\repository\org\apache\cxf\cxf-rt-frontend-simple\3.2.5\cxf-rt-frontend-simple-3.2.5.jar;C:\Devon-dist_3.0.0\conf\.m2\repository\org\apache\cxf\cxf-rt-ws-addr\3.2.5\cxf-rt-ws-addr-3.2.5.jar;C:\Devon-dist_3.0.0\conf\.m2\repository\org\apache\cxf\cxf-rt-ws-policy\3.2.5\cxf-rt-ws-policy-3.2.5.jar;C:\Devon-dist_3.0.0\conf\.m2\repository\org\apache\neethi\neethi\3.1.1\neethi-3.1.1.jar;C:\Devon-dist_3.0.0\conf\.m2\repository\com\devonfw\java\starters\devon4j-starter-cxf-server-rest\3.0.0\devon4j-starter-cxf-server-rest-3.0.0.jar;C:\Devon-dist_3.0.0\conf\.m2\repository\com\devonfw\java\starters\devon4j-starter-cxf-server\3.0.0\devon4j-starter-cxf-server-3.0.0.jar;C:\Devon-dist_3.0.0\conf\.m2\repository\com\devonfw\java\modules\devon4j-cxf-server\3.0.0\devon4j-cxf-server-3.0.0.jar;C:\Devon-dist_3.0.0\conf\.m2\repository\com\devonfw\java\modules\devon4j-cxf-server-rest\3.0.0\devon4j-cxf-server-rest-3.0.0.jar;C:\Devon-dist_3.0.0\conf\.m2\repository\com\devonfw\java\starters\devon4j-starter-cxf-server-ws\3.0.0\devon4j-starter-cxf-server-ws-3.0.0.jar;C:\Devon-dist_3.0.0\conf\.m2\repository\com\devonfw\java\modules\devon4j-cxf-server-ws\3.0.0\devon4j-cxf-server-ws-3.0.0.jar;C:\Devon-dist_3.0.0\conf\.m2\repository\org\springframework\boot\spring-boot-starter-web-services\2.0.4.RELEASE\spring-boot-starter-web-services-2.0.4.RELEASE.jar;C:\Devon-dist_3.0.0\conf\.m2\repository\org\springframework\spring-oxm\5.0.8.RELEASE\spring-oxm-5.0.8.RELEASE.jar;C:\Devon-dist_3.0.0\conf\.m2\repository\org\springframework\ws\spring-ws-core\3.0.3.RELEASE\spring-ws-core-3.0.3.RELEASE.jar;C:\Devon-dist_3.0.0\conf\.m2\repository\org\springframework\ws\spring-xml\3.0.3.RELEASE\spring-xml-3.0.3.RELEASE.jar;C:\Devon-dist_3.0.0\conf\.m2\repository\commons-io\commons-io\2.5\commons-io-2.5.jar;C:\Devon-dist_3.0.0\conf\.m2\repository\com\devonfw\java\starters\devon4j-starter-spring-data-jpa\3.0.0\devon4j-starter-spring-data-jpa-3.0.0.jar;C:\Devon-dist_3.0.0\conf\.m2\repository\com\devonfw\java\modules\devon4j-jpa-spring-data\3.0.0\devon4j-jpa-spring-data-3.0.0.jar;C:\Devon-dist_3.0.0\conf\.m2\repository\com\devonfw\java\modules\devon4j-jpa-basic\3.0.0\devon4j-jpa-basic-3.0.0.jar;C:\Devon-dist_3.0.0\conf\.m2\repository\org\springframework\data\spring-data-jpa\2.0.9.RELEASE\spring-data-jpa-2.0.9.RELEASE.jar;C:\Devon-dist_3.0.0\conf\.m2\repository\org\springframework\spring-orm\5.0.8.RELEASE\spring-orm-5.0.8.RELEASE.jar;C:\Devon-dist_3.0.0\conf\.m2\repository\org\aspectj\aspectjrt\1.8.13\aspectjrt-1.8.13.jar;C:\Devon-dist_3.0.0\conf\.m2\repository\org\aspectj\aspectjweaver\1.8.13\aspectjweaver-1.8.13.jar;C:\Devon-dist_3.0.0\conf\.m2\repository\org\springframework\boot\spring-boot-starter-data-jpa\2.0.4.RELEASE\spring-boot-starter-data-jpa-2.0.4.RELEASE.jar;C:\Devon-dist_3.0.0\conf\.m2\repository\org\springframework\boot\spring-boot-starter-aop\2.0.4.RELEASE\spring-boot-starter-aop-2.0.4.RELEASE.jar;C:\Devon-dist_3.0.0\conf\.m2\repository\javax\transaction\javax.transaction-api\1.2\javax.transaction-api-1.2.jar;C:\Devon-dist_3.0.0\conf\.m2\repository\org\springframework\spring-aspects\5.0.8.RELEASE\spring-aspects-5.0.8.RELEASE.jar;C:\Devon-dist_3.0.0\conf\.m2\repository\org\springframework\boot\spring-boot-starter-jdbc\2.0.4.RELEASE\spring-boot-starter-jdbc-2.0.4.RELEASE.jar;C:\Devon-dist_3.0.0\conf\.m2\repository\org\springframework\boot\spring-boot-starter\2.0.4.RELEASE\spring-boot-starter-2.0.4.RELEASE.jar;C:\Devon-dist_3.0.0\conf\.m2\repository\org\springframework\boot\spring-boot\2.0.4.RELEASE\spring-boot-2.0.4.RELEASE.jar;C:\Devon-dist_3.0.0\conf\.m2\repository\org\springframework\boot\spring-boot-autoconfigure\2.0.4.RELEASE\spring-boot-autoconfigure-2.0.4.RELEASE.jar;C:\Devon-dist_3.0.0\conf\.m2\repository\org\springframework\boot\spring-boot-starter-logging\2.0.4.RELEASE\spring-boot-starter-logging-2.0.4.RELEASE.jar;C:\Devon-dist_3.0.0\conf\.m2\repository\org\apache\logging\log4j\log4j-to-slf4j\2.10.0\log4j-to-slf4j-2.10.0.jar;C:\Devon-dist_3.0.0\conf\.m2\repository\org\apache\logging\log4j\log4j-api\2.10.0\log4j-api-2.10.0.jar;C:\Devon-dist_3.0.0\conf\.m2\repository\org\slf4j\jul-to-slf4j\1.7.25\jul-to-slf4j-1.7.25.jar;C:\Devon-dist_3.0.0\conf\.m2\repository\org\yaml\snakeyaml\1.19\snakeyaml-1.19.jar;C:\Devon-dist_3.0.0\conf\.m2\repository\com\zaxxer\HikariCP\2.7.9\HikariCP-2.7.9.jar;C:\Devon-dist_3.0.0\conf\.m2\repository\org\springframework\spring-jdbc\5.0.8.RELEASE\spring-jdbc-5.0.8.RELEASE.jar;C:\Devon-dist_3.0.0\conf\.m2\repository\org\springframework\spring-tx\5.0.8.RELEASE\spring-tx-5.0.8.RELEASE.jar;C:\Devon-dist_3.0.0\conf\.m2\repository\org\hibernate\javax\persistence\hibernate-jpa-2.1-api\1.0.2.Final\hibernate-jpa-2.1-api-1.0.2.Final.jar;C:\Devon-dist_3.0.0\conf\.m2\repository\org\hibernate\hibernate-entitymanager\5.2.17.Final\hibernate-entitymanager-5.2.17.Final.jar;C:\Devon-dist_3.0.0\conf\.m2\repository\org\jboss\logging\jboss-logging\3.3.2.Final\jboss-logging-3.3.2.Final.jar;C:\Devon-dist_3.0.0\conf\.m2\repository\org\hibernate\hibernate-core\5.2.17.Final\hibernate-core-5.2.17.Final.jar;C:\Devon-dist_3.0.0\conf\.m2\repository\antlr\antlr\2.7.7\antlr-2.7.7.jar;C:\Devon-dist_3.0.0\conf\.m2\repository\org\jboss\jandex\2.0.3.Final\jandex-2.0.3.Final.jar;C:\Devon-dist_3.0.0\conf\.m2\repository\dom4j\dom4j\1.6.1\dom4j-1.6.1.jar;C:\Devon-dist_3.0.0\conf\.m2\repository\org\hibernate\common\hibernate-commons-annotations\5.0.1.Final\hibernate-commons-annotations-5.0.1.Final.jar;C:\Devon-dist_3.0.0\conf\.m2\repository\org\javassist\javassist\3.22.0-GA\javassist-3.22.0-GA.jar;C:\Devon-dist_3.0.0\conf\.m2\repository\net\bytebuddy\byte-buddy\1.7.11\byte-buddy-1.7.11.jar;C:\Devon-dist_3.0.0\conf\.m2\repository\org\jboss\spec\javax\transaction\jboss-transaction-api_1.2_spec\1.0.1.Final\jboss-transaction-api_1.2_spec-1.0.1.Final.jar;C:\Devon-dist_3.0.0\conf\.m2\repository\com\querydsl\querydsl-jpa\4.1.4\querydsl-jpa-4.1.4.jar;C:\Devon-dist_3.0.0\conf\.m2\repository\com\querydsl\querydsl-core\4.1.4\querydsl-core-4.1.4.jar;C:\Devon-dist_3.0.0\conf\.m2\repository\com\google\guava\guava\17.0\guava-17.0.jar;C:\Devon-dist_3.0.0\conf\.m2\repository\com\google\code\findbugs\jsr305\1.3.9\jsr305-1.3.9.jar;C:\Devon-dist_3.0.0\conf\.m2\repository\com\mysema\commons\mysema-commons-lang\0.2.4\mysema-commons-lang-0.2.4.jar;C:\Devon-dist_3.0.0\conf\.m2\repository\com\infradna\tool\bridge-method-annotation\1.13\bridge-method-annotation-1.13.jar;C:\Devon-dist_3.0.0\conf\.m2\repository\com\querydsl\querydsl-apt\4.1.4\querydsl-apt-4.1.4.jar;C:\Devon-dist_3.0.0\conf\.m2\repository\com\querydsl\querydsl-codegen\4.1.4\querydsl-codegen-4.1.4.jar;C:\Devon-dist_3.0.0\conf\.m2\repository\com\mysema\codegen\codegen\0.6.8\codegen-0.6.8.jar;C:\Devon-dist_3.0.0\conf\.m2\repository\org\eclipse\jdt\core\compiler\ecj\4.3.1\ecj-4.3.1.jar;C:\Devon-dist_3.0.0\conf\.m2\repository\org\reflections\reflections\0.9.9\reflections-0.9.9.jar;C:\Devon-dist_3.0.0\conf\.m2\repository\com\google\code\findbugs\annotations\2.0.1\annotations-2.0.1.jar;C:\Devon-dist_3.0.0\conf\.m2\repository\javax\jdo\jdo-api\3.0.1\jdo-api-3.0.1.jar;C:\Devon-dist_3.0.0\conf\.m2\repository\javax\transaction\jta\1.1\jta-1.1.jar;C:\Devon-dist_3.0.0\conf\.m2\repository\org\hibernate\validator\hibernate-validator\6.0.11.Final\hibernate-validator-6.0.11.Final.jar;C:\Devon-dist_3.0.0\conf\.m2\repository\javax\validation\validation-api\2.0.1.Final\validation-api-2.0.1.Final.jar;C:\Devon-dist_3.0.0\conf\.m2\repository\com\fasterxml\classmate\1.3.4\classmate-1.3.4.jar;C:\Devon-dist_3.0.0\conf\.m2\repository\javax\servlet\javax.servlet-api\3.1.0\javax.servlet-api-3.1.0.jar;C:\Devon-dist_3.0.0\conf\.m2\repository\javax\el\javax.el-api\3.0.0\javax.el-api-3.0.0.jar;C:\Devon-dist_3.0.0\conf\.m2\repository\org\springframework\spring-webmvc\5.0.8.RELEASE\spring-webmvc-5.0.8.RELEASE.jar;C:\Devon-dist_3.0.0\conf\.m2\repository\org\springframework\spring-beans\5.0.8.RELEASE\spring-beans-5.0.8.RELEASE.jar;C:\Devon-dist_3.0.0\conf\.m2\repository\org\springframework\spring-context\5.0.8.RELEASE\spring-context-5.0.8.RELEASE.jar;C:\Devon-dist_3.0.0\conf\.m2\repository\org\springframework\spring-core\5.0.8.RELEASE\spring-core-5.0.8.RELEASE.jar;C:\Devon-dist_3.0.0\conf\.m2\repository\org\springframework\spring-jcl\5.0.8.RELEASE\spring-jcl-5.0.8.RELEASE.jar;C:\Devon-dist_3.0.0\conf\.m2\repository\org\springframework\spring-expression\5.0.8.RELEASE\spring-expression-5.0.8.RELEASE.jar;C:\Devon-dist_3.0.0\conf\.m2\repository\com\h2database\h2\1.4.197\h2-1.4.197.jar;C:\Devon-dist_3.0.0\conf\.m2\repository\org\flywaydb\flyway-core\5.0.7\flyway-core-5.0.7.jar;C:\Devon-dist_3.0.0\conf\.m2\repository\org\apache\cxf\cxf-rt-rs-service-description\3.2.5\cxf-rt-rs-service-description-3.2.5.jar;C:\Devon-dist_3.0.0\conf\.m2\repository\org\apache\cxf\cxf-rt-frontend-jaxrs\3.2.5\cxf-rt-frontend-jaxrs-3.2.5.jar;C:\Devon-dist_3.0.0\conf\.m2\repository\org\apache\cxf\cxf-core\3.2.5\cxf-core-3.2.5.jar;C:\Devon-dist_3.0.0\conf\.m2\repository\com\fasterxml\woodstox\woodstox-core\5.0.3\woodstox-core-5.0.3.jar;C:\Devon-dist_3.0.0\conf\.m2\repository\org\codehaus\woodstox\stax2-api\3.1.4\stax2-api-3.1.4.jar;C:\Devon-dist_3.0.0\conf\.m2\repository\org\apache\ws\xmlschema\xmlschema-core\2.2.3\xmlschema-core-2.2.3.jar;C:\Devon-dist_3.0.0\conf\.m2\repository\org\apache\cxf\cxf-rt-transports-http\3.2.5\cxf-rt-transports-http-3.2.5.jar;C:\Devon-dist_3.0.0\conf\.m2\repository\org\springframework\boot\spring-boot-starter-actuator\2.0.4.RELEASE\spring-boot-starter-actuator-2.0.4.RELEASE.jar;C:\Devon-dist_3.0.0\conf\.m2\repository\org\springframework\boot\spring-boot-actuator-autoconfigure\2.0.4.RELEASE\spring-boot-actuator-autoconfigure-2.0.4.RELEASE.jar;C:\Devon-dist_3.0.0\conf\.m2\repository\org\springframework\boot\spring-boot-actuator\2.0.4.RELEASE\spring-boot-actuator-2.0.4.RELEASE.jar;C:\Devon-dist_3.0.0\conf\.m2\repository\com\fasterxml\jackson\datatype\jackson-datatype-jsr310\2.9.6\jackson-datatype-jsr310-2.9.6.jar;C:\Devon-dist_3.0.0\conf\.m2\repository\io\micrometer\micrometer-core\1.0.6\micrometer-core-1.0.6.jar;C:\Devon-dist_3.0.0\conf\.m2\repository\org\hdrhistogram\HdrHistogram\2.1.10\HdrHistogram-2.1.10.jar;C:\Devon-dist_3.0.0\conf\.m2\repository\org\latencyutils\LatencyUtils\2.0.3\LatencyUtils-2.0.3.jar;C:\Devon-dist_3.0.0\conf\.m2\repository\org\springframework\spring-aop\5.0.8.RELEASE\spring-aop-5.0.8.RELEASE.jar;C:\Devon-dist_3.0.0\conf\.m2\repository\cglib\cglib\3.2.5\cglib-3.2.5.jar;C:\Devon-dist_3.0.0\conf\.m2\repository\org\ow2\asm\asm\5.2\asm-5.2.jar;C:\Devon-dist_3.0.0\conf\.m2\repository\org\apache\ant\ant\1.9.6\ant-1.9.6.jar;C:\Devon-dist_3.0.0\conf\.m2\repository\org\apache\ant\ant-launcher\1.9.6\ant-launcher-1.9.6.jar;C:\Devon-dist_3.0.0\conf\.m2\repository\net\logstash\logback\logstash-logback-encoder\5.2\logstash-logback-encoder-5.2.jar;C:\Devon-dist_3.0.0\conf\.m2\repository\com\devonfw\java\modules\devon4j-test\3.0.0\devon4j-test-3.0.0.jar;C:\Devon-dist_3.0.0\conf\.m2\repository\org\mockito\mockito-core\2.15.0\mockito-core-2.15.0.jar;C:\Devon-dist_3.0.0\conf\.m2\repository\net\bytebuddy\byte-buddy-agent\1.7.11\byte-buddy-agent-1.7.11.jar;C:\Devon-dist_3.0.0\conf\.m2\repository\org\objenesis\objenesis\2.6\objenesis-2.6.jar;C:\Devon-dist_3.0.0\conf\.m2\repository\org\springframework\boot\spring-boot-starter-test\2.0.4.RELEASE\spring-boot-starter-test-2.0.4.RELEASE.jar;C:\Devon-dist_3.0.0\conf\.m2\repository\org\springframework\boot\spring-boot-test\2.0.4.RELEASE\spring-boot-test-2.0.4.RELEASE.jar;C:\Devon-dist_3.0.0\conf\.m2\repository\org\springframework\boot\spring-boot-test-autoconfigure\2.0.4.RELEASE\spring-boot-test-autoconfigure-2.0.4.RELEASE.jar;C:\Devon-dist_3.0.0\conf\.m2\repository\com\jayway\jsonpath\json-path\2.4.0\json-path-2.4.0.jar;C:\Devon-dist_3.0.0\conf\.m2\repository\net\minidev\json-smart\2.3\json-smart-2.3.jar;C:\Devon-dist_3.0.0\conf\.m2\repository\net\minidev\accessors-smart\1.2\accessors-smart-1.2.jar;C:\Devon-dist_3.0.0\conf\.m2\repository\org\assertj\assertj-core\3.9.1\assertj-core-3.9.1.jar;C:\Devon-dist_3.0.0\conf\.m2\repository\org\hamcrest\hamcrest-core\1.3\hamcrest-core-1.3.jar;C:\Devon-dist_3.0.0\conf\.m2\repository\org\hamcrest\hamcrest-library\1.3\hamcrest-library-1.3.jar;C:\Devon-dist_3.0.0\conf\.m2\repository\org\springframework\spring-test\5.0.8.RELEASE\spring-test-5.0.8.RELEASE.jar;C:\Devon-dist_3.0.0\conf\.m2\repository\org\xmlunit\xmlunit-core\2.5.1\xmlunit-core-2.5.1.jar;C:\Devon-dist_3.0.0\conf\.m2\repository\org\springframework\boot\spring-boot-starter-web\2.0.4.RELEASE\spring-boot-starter-web-2.0.4.RELEASE.jar;C:\Devon-dist_3.0.0\conf\.m2\repository\org\springframework\boot\spring-boot-starter-json\2.0.4.RELEASE\spring-boot-starter-json-2.0.4.RELEASE.jar;C:\Devon-dist_3.0.0\conf\.m2\repository\com\fasterxml\jackson\datatype\jackson-datatype-jdk8\2.9.6\jackson-datatype-jdk8-2.9.6.jar;C:\Devon-dist_3.0.0\conf\.m2\repository\com\fasterxml\jackson\module\jackson-module-parameter-names\2.9.6\jackson-module-parameter-names-2.9.6.jar;C:\Devon-dist_3.0.0\conf\.m2\repository\org\skyscreamer\jsonassert\1.5.0\jsonassert-1.5.0.jar;C:\Devon-dist_3.0.0\conf\.m2\repository\com\vaadin\external\google\android-json\0.0.20131108.vaadin1\android-json-0.0.20131108.vaadin1.jar;C:\Devon-dist_3.0.0\conf\.m2\repository\org\springframework\boot\spring-boot-starter-tomcat\2.0.4.RELEASE\spring-boot-starter-tomcat-2.0.4.RELEASE.jar;C:\Devon-dist_3.0.0\conf\.m2\repository\org\apache\tomcat\embed\tomcat-embed-core\8.5.32\tomcat-embed-core-8.5.32.jar;C:\Devon-dist_3.0.0\conf\.m2\repository\org\apache\tomcat\embed\tomcat-embed-el\8.5.32\tomcat-embed-el-8.5.32.jar;C:\Devon-dist_3.0.0\conf\.m2\repository\org\apache\tomcat\embed\tomcat-embed-websocket\8.5.32\tomcat-embed-websocket-8.5.32.jar;C:\Devon-dist_3.0.0\conf\.m2\repository\junit\junit\4.12\junit-4.12.jar;C:\Devon-dist_3.0.0\conf\.m2\repository\org\slf4j\slf4j-api\1.7.25\slf4j-api-1.7.25.jar;"/>
    <property name="sun.cpu.endian" value="little"/>
    <property name="user.home" value="C:\Users\dargonza"/>
    <property name="user.language" value="en"/>
    <property name="java.specification.vendor" value="Oracle Corporation"/>
    <property name="java.home" value="C:\Devon-dist_3.0.0\software\java\jre"/>
    <property name="basedir" value="C:\Devon-dist_3.0.0\workspaces\jumpthequeue\jtqj\core"/>
    <property name="file.separator" value="\"/>
    <property name="line.separator" value="&#10;"/>
    <property name="java.vm.specification.vendor" value="Oracle Corporation"/>
    <property name="java.specification.name" value="Java Platform API Specification"/>
    <property name="java.awt.graphicsenv" value="sun.awt.Win32GraphicsEnvironment"/>
    <property name="surefire.real.class.path" value="C:\Users\dargonza\AppData\Local\Temp\surefire7557932047144621716\surefirebooter318628361554308954.jar;C:\\Devon-dist_3.0.0\\conf\\.m2\\repository\\org\\jacoco\\org.jacoco.agent\\0.8.0\\org.jacoco.agent-0.8.0-runtime.jar"/>
    <property name="sun.boot.class.path" value="C:\Devon-dist_3.0.0\software\java\jre\lib\resources.jar;C:\Devon-dist_3.0.0\software\java\jre\lib\rt.jar;C:\Devon-dist_3.0.0\software\java\jre\lib\sunrsasign.jar;C:\Devon-dist_3.0.0\software\java\jre\lib\jsse.jar;C:\Devon-dist_3.0.0\software\java\jre\lib\jce.jar;C:\Devon-dist_3.0.0\software\java\jre\lib\charsets.jar;C:\Devon-dist_3.0.0\software\java\jre\lib\jfr.jar;C:\Devon-dist_3.0.0\software\java\jre\classes"/>
    <property name="user.script" value=""/>
    <property name="sun.management.compiler" value="HotSpot 64-Bit Tiered Compilers"/>
    <property name="java.runtime.version" value="1.8.0_192-b12"/>
    <property name="user.name" value="dargonza"/>
    <property name="path.separator" value=";"/>
    <property name="os.version" value="10.0"/>
    <property name="java.endorsed.dirs" value="C:\Devon-dist_3.0.0\software\java\jre\lib\endorsed"/>
    <property name="java.runtime.name" value="Java(TM) SE Runtime Environment"/>
    <property name="file.encoding" value="Cp1252"/>
    <property name="java.vm.name" value="Java HotSpot(TM) 64-Bit Server VM"/>
    <property name="localRepository" value="C:\Devon-dist_3.0.0\conf\.m2\repository"/>
    <property name="java.vendor.url.bug" value="http://bugreport.sun.com/bugreport/"/>
    <property name="java.io.tmpdir" value="C:\Users\dargonza\AppData\Local\Temp\"/>
    <property name="java.version" value="1.8.0_192"/>
    <property name="user.dir" value="C:\Devon-dist_3.0.0\workspaces\jumpthequeue\jtqj\core"/>
    <property name="os.arch" value="amd64"/>
    <property name="java.vm.specification.name" value="Java Virtual Machine Specification"/>
    <property name="java.awt.printerjob" value="sun.awt.windows.WPrinterJob"/>
    <property name="user.language.format" value="es"/>
    <property name="sun.os.patch.level" value=""/>
    <property name="java.library.path" value="C:\Devon-dist_3.0.0\software\java\jre\bin;C:\WINDOWS\Sun\Java\bin;C:\WINDOWS\system32;C:\WINDOWS;C:\Devon-dist_3.0.0\software\cmder\bin;C:\Devon-dist_3.0.0\software\cmder\vendor\bin;C:\Devon-dist_3.0.0\software\cmder\vendor\conemu-maximus5\ConEmu\Scripts;C:\Devon-dist_3.0.0\software\cmder\vendor\conemu-maximus5;C:\Devon-dist_3.0.0\software\cmder\vendor\conemu-maximus5\ConEmu;C:\Devon-dist_3.0.0\software\vscode\bin;C:\Devon-dist_3.0.0\software\testar\bin;C:\Devon-dist_3.0.0\software\subversion;C:\Devon-dist_3.0.0\software\sonarqube\bin;C:\Devon-dist_3.0.0\software\python3;C:\Devon-dist_3.0.0\software\nodejs;C:\Devon-dist_3.0.0\software\maven\bin;C:\Devon-dist_3.0.0\software\logs;C:\Devon-dist_3.0.0\software\java\bin;C:\Devon-dist_3.0.0\software\jasypt\bin;C:\Devon-dist_3.0.0\software\eclipse;C:\Devon-dist_3.0.0\software\devcon;C:\Devon-dist_3.0.0\software\cmder\bin;C:\Devon-dist_3.0.0\software\ant\bin;C:\ProgramData\Oracle\Java\javapath;C:\WINDOWS\system32;C:\WINDOWS;C:\WINDOWS\System32\Wbem;C:\WINDOWS\System32\WindowsPowerShell\v1.0\;C:\Program Files\nodejs\;C:\Users\dargonza\AppData\Local\Microsoft\WindowsApps;C:\Users\dargonza\AppData\Roaming\npm;C:\Users\dargonza\AppData\Roaming\npm;C:\Devon-dist_3.0.0\software\cmder\vendor\git-for-windows\cmd;C:\Devon-dist_3.0.0\software\cmder\vendor\git-for-windows\mingw64\bin;C:\Devon-dist_3.0.0\software\cmder\vendor\git-for-windows\usr\bin;C:\Devon-dist_3.0.0\software\cmder;."/>
    <property name="java.vm.info" value="mixed mode"/>
    <property name="java.vendor" value="Oracle Corporation"/>
    <property name="java.vm.version" value="25.192-b12"/>
    <property name="java.ext.dirs" value="C:\Devon-dist_3.0.0\software\java\jre\lib\ext;C:\WINDOWS\Sun\Java\lib\ext"/>
    <property name="sun.io.unicode.encoding" value="UnicodeLittle"/>
    <property name="java.class.version" value="52.0"/>
  </properties>
  <testcase name="testGetCurrentUser" classname="com.devonfw.application.jtqj.general.service.impl.rest.SecurityRestServiceImplTest" time="3.826">
    <error type="java.lang.NullPointerException">java.lang.NullPointerException
	at com.devonfw.application.jtqj.general.service.impl.rest.SecurityRestServiceImplTest.testGetCurrentUser(SecurityRestServiceImplTest.java:74)
</error>
    <system-out><![CDATA[[D: 2019-01-18 12:59:06,609] [P: DEBUG] [C: ] [T: main] [L: org.apache.cxf.jaxrs.model.AbstractResourceInfo] - [M: Injecting a custom context org.apache.cxf.jaxrs.ext.MessageContext, ContextProvider is required for this type]  
[D: 2019-01-18 12:59:06,610] [P: DEBUG] [C: ] [T: main] [L: org.apache.cxf.jaxrs.model.AbstractResourceInfo] - [M: Injecting a custom context org.apache.cxf.jaxrs.ext.MessageContext, ContextProvider is required for this type]  
[D: 2019-01-18 12:59:06,610] [P: DEBUG] [C: ] [T: main] [L: org.apache.cxf.jaxrs.model.AbstractResourceInfo] - [M: Injecting a custom context org.apache.cxf.jaxrs.ext.MessageContext, ContextProvider is required for this type]  
[D: 2019-01-18 12:59:06,610] [P: DEBUG] [C: ] [T: main] [L: org.apache.cxf.jaxrs.model.AbstractResourceInfo] - [M: Injecting a custom context org.apache.cxf.jaxrs.ext.MessageContext, ContextProvider is required for this type]  
[D: 2019-01-18 12:59:06,610] [P: DEBUG] [C: ] [T: main] [L: org.apache.cxf.jaxrs.model.AbstractResourceInfo] - [M: Injecting a custom context org.apache.cxf.jaxrs.ext.MessageContext, ContextProvider is required for this type]  
[D: 2019-01-18 12:59:06,610] [P: DEBUG] [C: ] [T: main] [L: org.apache.cxf.jaxrs.model.AbstractResourceInfo] - [M: Injecting a custom context org.apache.cxf.jaxrs.ext.MessageContext, ContextProvider is required for this type]  
[D: 2019-01-18 12:59:06,614] [P: DEBUG] [C: ] [T: main] [L: org.apache.cxf.jaxrs.provider.ProviderFactory] - [M: Problem with creating the default provider org.apache.cxf.jaxrs.provider.json.JSONProvider: org.apache.cxf.jaxrs.provider.json.JSONProvider]  
[D: 2019-01-18 12:59:06,873] [P: DEBUG] [C: ] [T: main] [L: org.apache.cxf.configuration.spring.ConfigurerImpl] - [M: Could not determine bean name for instance of class org.apache.cxf.bus.managers.ClientLifeCycleManagerImpl.]  
[D: 2019-01-18 12:59:06,923] [P: DEBUG] [C: ] [T: main] [L: org.apache.cxf.configuration.spring.ConfigurerImpl] - [M: Could not find a definition for bean with id {http://rest.api.service.general.jtqj.application.devonfw.com/}SecurityRestService.http-conduit - no injection will be performed.]  
[D: 2019-01-18 12:59:06,923] [P: DEBUG] [C: ] [T: main] [L: org.apache.cxf.configuration.spring.ConfigurerImpl] - [M: Could not find a definition for bean with id http://localhost:50821///services/rest - no injection will be performed.]  
[D: 2019-01-18 12:59:06,923] [P: DEBUG] [C: ] [T: main] [L: org.apache.cxf.transport.http.HTTPConduit] - [M: Conduit '{http://rest.api.service.general.jtqj.application.devonfw.com/}SecurityRestService.http-conduit' has been (re)configured for plain http.]  
[D: 2019-01-18 12:59:06,924] [P: DEBUG] [C: ] [T: main] [L: org.apache.cxf.transport.http.HTTPConduit] - [M: No Trust Decider configured for Conduit '{http://rest.api.service.general.jtqj.application.devonfw.com/}SecurityRestService.http-conduit']  
[D: 2019-01-18 12:59:06,924] [P: DEBUG] [C: ] [T: main] [L: org.apache.cxf.transport.http.HTTPConduit] - [M: No Auth Supplier configured for Conduit '{http://rest.api.service.general.jtqj.application.devonfw.com/}SecurityRestService.http-conduit']  
[D: 2019-01-18 12:59:06,924] [P: DEBUG] [C: ] [T: main] [L: org.apache.cxf.transport.http.HTTPConduit] - [M: Conduit '{http://rest.api.service.general.jtqj.application.devonfw.com/}SecurityRestService.http-conduit' has been configured for plain http.]  
[D: 2019-01-18 12:59:06,924] [P: DEBUG] [C: ] [T: main] [L: org.apache.cxf.transport.http.HTTPConduit] - [M: registering incoming observer: org.apache.cxf.jaxrs.client.ClientMessageObserver@77196c05]  
[D: 2019-01-18 12:59:06,928] [P: DEBUG] [C: ] [T: main] [L: org.apache.cxf.configuration.spring.ConfigurerImpl] - [M: Could not determine bean name for instance of class org.apache.cxf.bus.managers.PhaseManagerImpl.]  
[D: 2019-01-18 12:59:06,942] [P: DEBUG] [C: ] [T: main] [L: org.apache.cxf.phase.PhaseInterceptorChain] - [M: Adding interceptor org.apache.cxf.ws.policy.PolicyOutInterceptor@92dfafd to phase setup]  
[D: 2019-01-18 12:59:06,943] [P: DEBUG] [C: ] [T: main] [L: org.apache.cxf.phase.PhaseInterceptorChain] - [M: Adding interceptor org.apache.cxf.interceptor.MessageSenderInterceptor@1c85abb1 to phase prepare-send]  
[D: 2019-01-18 12:59:06,943] [P: DEBUG] [C: ] [T: main] [L: org.apache.cxf.phase.PhaseInterceptorChain] - [M: Adding interceptor com.devonfw.module.cxf.common.impl.client.interceptor.PerformanceStartInterceptor@3787ce0a to phase setup]  
[D: 2019-01-18 12:59:06,943] [P: DEBUG] [C: ] [T: main] [L: org.apache.cxf.phase.PhaseInterceptorChain] - [M: Adding interceptor org.apache.cxf.interceptor.MessageSenderInterceptor@1c85abb1 to phase prepare-send]  
[D: 2019-01-18 12:59:06,945] [P: DEBUG] [C: ] [T: main] [L: org.apache.cxf.phase.PhaseInterceptorChain] - [M: Adding interceptor org.apache.cxf.jaxrs.client.spec.ClientRequestFilterInterceptor@41bd0b3d to phase pre-logical]  
[D: 2019-01-18 12:59:06,959] [P: DEBUG] [C: ] [T: main] [L: org.apache.cxf.phase.PhaseInterceptorChain] - [M: Adding interceptor org.apache.cxf.jaxrs.client.ClientProxyImpl$BodyWriter@6859b010 to phase write]  
[D: 2019-01-18 12:59:06,961] [P: DEBUG] [C: ] [T: main] [L: org.apache.cxf.phase.PhaseInterceptorChain] - [M: Chain org.apache.cxf.phase.PhaseInterceptorChain@3473333d was created. Current flow:
  setup [PolicyOutInterceptor, PerformanceStartInterceptor]
  pre-logical [ClientRequestFilterInterceptor]
  prepare-send [MessageSenderInterceptor]
  write [BodyWriter]
]  
[D: 2019-01-18 12:59:06,962] [P: DEBUG] [C: ] [T: main] [L: org.apache.cxf.phase.PhaseInterceptorChain] - [M: Invoking handleMessage on interceptor org.apache.cxf.ws.policy.PolicyOutInterceptor@92dfafd]  
[D: 2019-01-18 12:59:06,962] [P: DEBUG] [C: ] [T: main] [L: org.apache.cxf.ws.policy.PolicyOutInterceptor] - [M: No binding operation info.]  
[D: 2019-01-18 12:59:06,962] [P: DEBUG] [C: ] [T: main] [L: org.apache.cxf.phase.PhaseInterceptorChain] - [M: Invoking handleMessage on interceptor com.devonfw.module.cxf.common.impl.client.interceptor.PerformanceStartInterceptor@3787ce0a]  
[D: 2019-01-18 12:59:06,976] [P: DEBUG] [C: ] [T: main] [L: org.apache.cxf.phase.PhaseInterceptorChain] - [M: Invoking handleMessage on interceptor org.apache.cxf.jaxrs.client.spec.ClientRequestFilterInterceptor@41bd0b3d]  
[D: 2019-01-18 12:59:06,977] [P: DEBUG] [C: ] [T: main] [L: org.apache.cxf.phase.PhaseInterceptorChain] - [M: Invoking handleMessage on interceptor org.apache.cxf.interceptor.MessageSenderInterceptor@1c85abb1]  
[D: 2019-01-18 12:59:07,024] [P: DEBUG] [C: ] [T: main] [L: org.apache.cxf.phase.PhaseInterceptorChain] - [M: Adding interceptor org.apache.cxf.interceptor.MessageSenderInterceptor$MessageSenderEndingInterceptor@5d11bf2c to phase prepare-send-ending]  
[D: 2019-01-18 12:59:07,025] [P: DEBUG] [C: ] [T: main] [L: org.apache.cxf.phase.PhaseInterceptorChain] - [M: Chain org.apache.cxf.phase.PhaseInterceptorChain@3473333d was modified. Current flow:
  setup [PolicyOutInterceptor, PerformanceStartInterceptor]
  pre-logical [ClientRequestFilterInterceptor]
  prepare-send [MessageSenderInterceptor]
  write [BodyWriter]
  prepare-send-ending [MessageSenderEndingInterceptor]
]  
[D: 2019-01-18 12:59:07,025] [P: DEBUG] [C: ] [T: main] [L: org.apache.cxf.phase.PhaseInterceptorChain] - [M: Invoking handleMessage on interceptor org.apache.cxf.jaxrs.client.ClientProxyImpl$BodyWriter@6859b010]  
[D: 2019-01-18 12:59:07,025] [P: DEBUG] [C: ] [T: main] [L: org.apache.cxf.phase.PhaseInterceptorChain] - [M: Invoking handleMessage on interceptor org.apache.cxf.interceptor.MessageSenderInterceptor$MessageSenderEndingInterceptor@5d11bf2c]  
[D: 2019-01-18 12:59:07,025] [P: DEBUG] [C: ] [T: main] [L: org.apache.cxf.transport.http.Headers] - [M: Authorization: ***]  
[D: 2019-01-18 12:59:07,025] [P: DEBUG] [C: ] [T: main] [L: org.apache.cxf.transport.http.Headers] - [M: Content-Type: application/json]  
[D: 2019-01-18 12:59:07,025] [P: DEBUG] [C: ] [T: main] [L: org.apache.cxf.transport.http.Headers] - [M: Accept: application/json]  
[D: 2019-01-18 12:59:07,026] [P: DEBUG] [C: ] [T: main] [L: org.apache.cxf.transport.http.HTTPConduit] - [M: No Trust Decider for Conduit '{http://rest.api.service.general.jtqj.application.devonfw.com/}SecurityRestService.http-conduit'. An affirmative Trust Decision is assumed.]  
[D: 2019-01-18 12:59:07,309] [P: DEBUG] [C: ] [T: http-nio-auto-1-exec-1] [L: org.apache.cxf.resource.DefaultResourceManager] - [M: resolving resource </WEB-INF/cxfServletStaticResourcesMap.txt> type <class java.io.InputStream>]  
[D: 2019-01-18 12:59:07,322] [P: DEBUG] [C: ] [T: http-nio-auto-1-exec-1] [L: org.apache.cxf.resource.DefaultResourceManager] - [M: resolving resource </cxfServletStaticResourcesMap.txt> type <class java.io.InputStream>]  
[D: 2019-01-18 12:59:07,572] [P: WARN ] [C: ] [T: http-nio-auto-1-exec-1] [L: com.devonfw.application.jtqj.general.common.impl.security.BaseUserDetailsService] - [M: Undefined access control waiter.]  
[D: 2019-01-18 12:59:07,587] [P: WARN ] [C: ] [T: http-nio-auto-1-exec-1] [L: com.devonfw.application.jtqj.general.common.impl.security.BaseUserDetailsService] - [M: Failed to get user waiter.]  
org.springframework.security.core.userdetails.UsernameNotFoundException: Authentication failed.
	at com.devonfw.application.jtqj.general.common.impl.security.BaseUserDetailsService.loadUserByUsername(BaseUserDetailsService.java:52)
	at org.springframework.security.authentication.dao.DaoAuthenticationProvider.retrieveUser(DaoAuthenticationProvider.java:104)
	at org.springframework.security.authentication.dao.AbstractUserDetailsAuthenticationProvider.authenticate(AbstractUserDetailsAuthenticationProvider.java:144)
	at org.springframework.security.authentication.ProviderManager.authenticate(ProviderManager.java:174)
	at org.springframework.security.authentication.ProviderManager.authenticate(ProviderManager.java:199)
	at org.springframework.security.config.annotation.web.configuration.WebSecurityConfigurerAdapter$AuthenticationManagerDelegator.authenticate(WebSecurityConfigurerAdapter.java:512)
	at org.springframework.security.web.authentication.www.BasicAuthenticationFilter.doFilterInternal(BasicAuthenticationFilter.java:180)
	at org.springframework.web.filter.OncePerRequestFilter.doFilter(OncePerRequestFilter.java:107)
	at org.springframework.security.web.FilterChainProxy$VirtualFilterChain.doFilter(FilterChainProxy.java:334)
	at org.springframework.security.web.authentication.logout.LogoutFilter.doFilter(LogoutFilter.java:116)
	at org.springframework.security.web.FilterChainProxy$VirtualFilterChain.doFilter(FilterChainProxy.java:334)
	at org.springframework.web.filter.CorsFilter.doFilterInternal(CorsFilter.java:96)
	at org.springframework.web.filter.OncePerRequestFilter.doFilter(OncePerRequestFilter.java:107)
	at org.springframework.security.web.FilterChainProxy$VirtualFilterChain.doFilter(FilterChainProxy.java:334)
	at org.springframework.security.web.header.HeaderWriterFilter.doFilterInternal(HeaderWriterFilter.java:66)
	at org.springframework.web.filter.OncePerRequestFilter.doFilter(OncePerRequestFilter.java:107)
	at org.springframework.security.web.FilterChainProxy$VirtualFilterChain.doFilter(FilterChainProxy.java:334)
	at org.springframework.security.web.context.SecurityContextPersistenceFilter.doFilter(SecurityContextPersistenceFilter.java:105)
	at org.springframework.security.web.FilterChainProxy$VirtualFilterChain.doFilter(FilterChainProxy.java:334)
	at org.springframework.security.web.context.request.async.WebAsyncManagerIntegrationFilter.doFilterInternal(WebAsyncManagerIntegrationFilter.java:56)
	at org.springframework.web.filter.OncePerRequestFilter.doFilter(OncePerRequestFilter.java:107)
	at org.springframework.security.web.FilterChainProxy$VirtualFilterChain.doFilter(FilterChainProxy.java:334)
	at org.springframework.security.web.FilterChainProxy.doFilterInternal(FilterChainProxy.java:215)
	at org.springframework.security.web.FilterChainProxy.doFilter(FilterChainProxy.java:178)
	at org.springframework.web.filter.DelegatingFilterProxy.invokeDelegate(DelegatingFilterProxy.java:357)
	at org.springframework.web.filter.DelegatingFilterProxy.doFilter(DelegatingFilterProxy.java:270)
	at org.apache.catalina.core.ApplicationFilterChain.internalDoFilter(ApplicationFilterChain.java:193)
	at org.apache.catalina.core.ApplicationFilterChain.doFilter(ApplicationFilterChain.java:166)
	at org.springframework.web.filter.RequestContextFilter.doFilterInternal(RequestContextFilter.java:99)
	at org.springframework.web.filter.OncePerRequestFilter.doFilter(OncePerRequestFilter.java:107)
	at org.apache.catalina.core.ApplicationFilterChain.internalDoFilter(ApplicationFilterChain.java:193)
	at org.apache.catalina.core.ApplicationFilterChain.doFilter(ApplicationFilterChain.java:166)
	at org.springframework.web.filter.HttpPutFormContentFilter.doFilterInternal(HttpPutFormContentFilter.java:109)
	at org.springframework.web.filter.OncePerRequestFilter.doFilter(OncePerRequestFilter.java:107)
	at org.apache.catalina.core.ApplicationFilterChain.internalDoFilter(ApplicationFilterChain.java:193)
	at org.apache.catalina.core.ApplicationFilterChain.doFilter(ApplicationFilterChain.java:166)
	at org.springframework.web.filter.HiddenHttpMethodFilter.doFilterInternal(HiddenHttpMethodFilter.java:93)
	at org.springframework.web.filter.OncePerRequestFilter.doFilter(OncePerRequestFilter.java:107)
	at org.apache.catalina.core.ApplicationFilterChain.internalDoFilter(ApplicationFilterChain.java:193)
	at org.apache.catalina.core.ApplicationFilterChain.doFilter(ApplicationFilterChain.java:166)
	at org.springframework.boot.actuate.metrics.web.servlet.WebMvcMetricsFilter.filterAndRecordMetrics(WebMvcMetricsFilter.java:155)
	at org.springframework.boot.actuate.metrics.web.servlet.WebMvcMetricsFilter.filterAndRecordMetrics(WebMvcMetricsFilter.java:123)
	at org.springframework.boot.actuate.metrics.web.servlet.WebMvcMetricsFilter.doFilterInternal(WebMvcMetricsFilter.java:108)
	at org.springframework.web.filter.OncePerRequestFilter.doFilter(OncePerRequestFilter.java:107)
	at org.apache.catalina.core.ApplicationFilterChain.internalDoFilter(ApplicationFilterChain.java:193)
	at org.apache.catalina.core.ApplicationFilterChain.doFilter(ApplicationFilterChain.java:166)
	at org.springframework.web.filter.CharacterEncodingFilter.doFilterInternal(CharacterEncodingFilter.java:200)
	at org.springframework.web.filter.OncePerRequestFilter.doFilter(OncePerRequestFilter.java:107)
	at org.apache.catalina.core.ApplicationFilterChain.internalDoFilter(ApplicationFilterChain.java:193)
	at org.apache.catalina.core.ApplicationFilterChain.doFilter(ApplicationFilterChain.java:166)
	at org.apache.catalina.core.StandardWrapperValve.invoke(StandardWrapperValve.java:198)
	at org.apache.catalina.core.StandardContextValve.invoke(StandardContextValve.java:96)
	at org.apache.catalina.authenticator.AuthenticatorBase.invoke(AuthenticatorBase.java:493)
	at org.apache.catalina.core.StandardHostValve.invoke(StandardHostValve.java:140)
	at org.apache.catalina.valves.ErrorReportValve.invoke(ErrorReportValve.java:81)
	at org.apache.catalina.core.StandardEngineValve.invoke(StandardEngineValve.java:87)
	at org.apache.catalina.connector.CoyoteAdapter.service(CoyoteAdapter.java:342)
	at org.apache.coyote.http11.Http11Processor.service(Http11Processor.java:800)
	at org.apache.coyote.AbstractProcessorLight.process(AbstractProcessorLight.java:66)
	at org.apache.coyote.AbstractProtocol$ConnectionHandler.process(AbstractProtocol.java:800)
	at org.apache.tomcat.util.net.NioEndpoint$SocketProcessor.doRun(NioEndpoint.java:1471)
	at org.apache.tomcat.util.net.SocketProcessorBase.run(SocketProcessorBase.java:49)
	at java.util.concurrent.ThreadPoolExecutor.runWorker(ThreadPoolExecutor.java:1149)
	at java.util.concurrent.ThreadPoolExecutor$Worker.run(ThreadPoolExecutor.java:624)
	at org.apache.tomcat.util.threads.TaskThread$WrappingRunnable.run(TaskThread.java:61)
	at java.lang.Thread.run(Thread.java:748)
Caused by: java.lang.NullPointerException: null
	at com.devonfw.application.jtqj.general.common.impl.security.BaseUserDetailsService.loadUserByUsername(BaseUserDetailsService.java:47)
	... 65 common frames omitted
[D: 2019-01-18 12:59:07,719] [P: INFO ] [C: ] [T: http-nio-auto-1-exec-1] [L: org.apache.catalina.core.ContainerBase.[Tomcat].[localhost].[/]] - [M: Initializing Spring FrameworkServlet 'dispatcherServlet']  
[D: 2019-01-18 12:59:07,720] [P: INFO ] [C: ] [T: http-nio-auto-1-exec-1] [L: org.springframework.web.servlet.DispatcherServlet] - [M: FrameworkServlet 'dispatcherServlet': initialization started]  
[D: 2019-01-18 12:59:07,805] [P: INFO ] [C: ] [T: http-nio-auto-1-exec-1] [L: org.springframework.web.servlet.DispatcherServlet] - [M: FrameworkServlet 'dispatcherServlet': initialization completed in 78 ms]  
[D: 2019-01-18 12:59:08,155] [P: DEBUG] [C: ] [T: main] [L: org.apache.cxf.phase.PhaseInterceptorChain] - [M: Adding interceptor org.apache.cxf.ws.policy.PolicyInInterceptor@2550cbc8 to phase receive]  
[D: 2019-01-18 12:59:08,155] [P: DEBUG] [C: ] [T: main] [L: org.apache.cxf.phase.PhaseInterceptorChain] - [M: Adding interceptor org.apache.cxf.jaxrs.client.ClientProxyImpl$ClientAsyncResponseInterceptor@568e5659 to phase unmarshal]  
[D: 2019-01-18 12:59:08,155] [P: DEBUG] [C: ] [T: main] [L: org.apache.cxf.phase.PhaseInterceptorChain] - [M: Adding interceptor com.devonfw.module.cxf.common.impl.client.interceptor.PerformanceStopInterceptor@37d0e7f to phase post-invoke]  
[D: 2019-01-18 12:59:08,156] [P: DEBUG] [C: ] [T: main] [L: org.apache.cxf.phase.PhaseInterceptorChain] - [M: Adding interceptor org.apache.cxf.jaxrs.client.spec.ClientResponseFilterInterceptor@51d6d45d to phase pre-protocol-frontend]  
[D: 2019-01-18 12:59:08,157] [P: DEBUG] [C: ] [T: main] [L: org.apache.cxf.phase.PhaseInterceptorChain] - [M: Chain org.apache.cxf.phase.PhaseInterceptorChain@79cf15eb was created. Current flow:
  receive [PolicyInInterceptor]
  pre-protocol-frontend [ClientResponseFilterInterceptor]
  unmarshal [ClientAsyncResponseInterceptor]
  post-invoke [PerformanceStopInterceptor]
]  
[D: 2019-01-18 12:59:08,157] [P: DEBUG] [C: ] [T: main] [L: org.apache.cxf.phase.PhaseInterceptorChain] - [M: Invoking handleMessage on interceptor org.apache.cxf.ws.policy.PolicyInInterceptor@2550cbc8]  
[D: 2019-01-18 12:59:08,199] [P: DEBUG] [C: ] [T: main] [L: org.apache.cxf.configuration.spring.ConfigurerImpl] - [M: Could not determine bean name for instance of class org.apache.cxf.ws.policy.AssertionBuilderRegistryImpl.]  
[D: 2019-01-18 12:59:08,206] [P: DEBUG] [C: ] [T: main] [L: org.apache.cxf.configuration.spring.ConfigurerImpl] - [M: Could not determine bean name for instance of class org.apache.cxf.ws.policy.PolicyBuilderImpl.]  
[D: 2019-01-18 12:59:08,207] [P: DEBUG] [C: ] [T: main] [L: org.apache.cxf.configuration.spring.ConfigurerImpl] - [M: Could not determine bean name for instance of class org.apache.cxf.ws.policy.attachment.ServiceModelPolicyProvider.]  
[D: 2019-01-18 12:59:08,211] [P: DEBUG] [C: ] [T: main] [L: org.apache.cxf.configuration.spring.ConfigurerImpl] - [M: Could not determine bean name for instance of class org.apache.cxf.ws.policy.attachment.wsdl11.Wsdl11AttachmentPolicyProvider.]  
[D: 2019-01-18 12:59:08,222] [P: DEBUG] [C: ] [T: main] [L: org.apache.cxf.configuration.spring.ConfigurerImpl] - [M: Could not determine bean name for instance of class org.apache.cxf.ws.policy.PolicyInterceptorProviderRegistryImpl.]  
[D: 2019-01-18 12:59:08,223] [P: DEBUG] [C: ] [T: main] [L: org.apache.cxf.phase.PhaseInterceptorChain] - [M: Invoking handleMessage on interceptor org.apache.cxf.jaxrs.client.spec.ClientResponseFilterInterceptor@51d6d45d]  
[D: 2019-01-18 12:59:08,224] [P: DEBUG] [C: ] [T: main] [L: org.apache.cxf.phase.PhaseInterceptorChain] - [M: Invoking handleMessage on interceptor org.apache.cxf.jaxrs.client.ClientProxyImpl$ClientAsyncResponseInterceptor@568e5659]  
[D: 2019-01-18 12:59:08,224] [P: DEBUG] [C: ] [T: main] [L: org.apache.cxf.phase.PhaseInterceptorChain] - [M: Invoking handleMessage on interceptor com.devonfw.module.cxf.common.impl.client.interceptor.PerformanceStopInterceptor@37d0e7f]  
[D: 2019-01-18 12:59:08,227] [P: INFO ] [C: ] [T: main] [L: com.devonfw.module.cxf.common.impl.client.interceptor.PerformanceStopInterceptor] - [M: Operation http://localhost:50821///services/rest succeeded after duration of 1.248997333]  
]]></system-out>
    <system-err><![CDATA[java.lang.NullPointerException
	at com.devonfw.application.jtqj.general.common.impl.security.BaseUserDetailsService.loadUserByUsername(BaseUserDetailsService.java:47)
	at org.springframework.security.authentication.dao.DaoAuthenticationProvider.retrieveUser(DaoAuthenticationProvider.java:104)
	at org.springframework.security.authentication.dao.AbstractUserDetailsAuthenticationProvider.authenticate(AbstractUserDetailsAuthenticationProvider.java:144)
	at org.springframework.security.authentication.ProviderManager.authenticate(ProviderManager.java:174)
	at org.springframework.security.authentication.ProviderManager.authenticate(ProviderManager.java:199)
	at org.springframework.security.config.annotation.web.configuration.WebSecurityConfigurerAdapter$AuthenticationManagerDelegator.authenticate(WebSecurityConfigurerAdapter.java:512)
	at org.springframework.security.web.authentication.www.BasicAuthenticationFilter.doFilterInternal(BasicAuthenticationFilter.java:180)
	at org.springframework.web.filter.OncePerRequestFilter.doFilter(OncePerRequestFilter.java:107)
	at org.springframework.security.web.FilterChainProxy$VirtualFilterChain.doFilter(FilterChainProxy.java:334)
	at org.springframework.security.web.authentication.logout.LogoutFilter.doFilter(LogoutFilter.java:116)
	at org.springframework.security.web.FilterChainProxy$VirtualFilterChain.doFilter(FilterChainProxy.java:334)
	at org.springframework.web.filter.CorsFilter.doFilterInternal(CorsFilter.java:96)
	at org.springframework.web.filter.OncePerRequestFilter.doFilter(OncePerRequestFilter.java:107)
	at org.springframework.security.web.FilterChainProxy$VirtualFilterChain.doFilter(FilterChainProxy.java:334)
	at org.springframework.security.web.header.HeaderWriterFilter.doFilterInternal(HeaderWriterFilter.java:66)
	at org.springframework.web.filter.OncePerRequestFilter.doFilter(OncePerRequestFilter.java:107)
	at org.springframework.security.web.FilterChainProxy$VirtualFilterChain.doFilter(FilterChainProxy.java:334)
	at org.springframework.security.web.context.SecurityContextPersistenceFilter.doFilter(SecurityContextPersistenceFilter.java:105)
	at org.springframework.security.web.FilterChainProxy$VirtualFilterChain.doFilter(FilterChainProxy.java:334)
	at org.springframework.security.web.context.request.async.WebAsyncManagerIntegrationFilter.doFilterInternal(WebAsyncManagerIntegrationFilter.java:56)
	at org.springframework.web.filter.OncePerRequestFilter.doFilter(OncePerRequestFilter.java:107)
	at org.springframework.security.web.FilterChainProxy$VirtualFilterChain.doFilter(FilterChainProxy.java:334)
	at org.springframework.security.web.FilterChainProxy.doFilterInternal(FilterChainProxy.java:215)
	at org.springframework.security.web.FilterChainProxy.doFilter(FilterChainProxy.java:178)
	at org.springframework.web.filter.DelegatingFilterProxy.invokeDelegate(DelegatingFilterProxy.java:357)
	at org.springframework.web.filter.DelegatingFilterProxy.doFilter(DelegatingFilterProxy.java:270)
	at org.apache.catalina.core.ApplicationFilterChain.internalDoFilter(ApplicationFilterChain.java:193)
	at org.apache.catalina.core.ApplicationFilterChain.doFilter(ApplicationFilterChain.java:166)
	at org.springframework.web.filter.RequestContextFilter.doFilterInternal(RequestContextFilter.java:99)
	at org.springframework.web.filter.OncePerRequestFilter.doFilter(OncePerRequestFilter.java:107)
	at org.apache.catalina.core.ApplicationFilterChain.internalDoFilter(ApplicationFilterChain.java:193)
	at org.apache.catalina.core.ApplicationFilterChain.doFilter(ApplicationFilterChain.java:166)
	at org.springframework.web.filter.HttpPutFormContentFilter.doFilterInternal(HttpPutFormContentFilter.java:109)
	at org.springframework.web.filter.OncePerRequestFilter.doFilter(OncePerRequestFilter.java:107)
	at org.apache.catalina.core.ApplicationFilterChain.internalDoFilter(ApplicationFilterChain.java:193)
	at org.apache.catalina.core.ApplicationFilterChain.doFilter(ApplicationFilterChain.java:166)
	at org.springframework.web.filter.HiddenHttpMethodFilter.doFilterInternal(HiddenHttpMethodFilter.java:93)
	at org.springframework.web.filter.OncePerRequestFilter.doFilter(OncePerRequestFilter.java:107)
	at org.apache.catalina.core.ApplicationFilterChain.internalDoFilter(ApplicationFilterChain.java:193)
	at org.apache.catalina.core.ApplicationFilterChain.doFilter(ApplicationFilterChain.java:166)
	at org.springframework.boot.actuate.metrics.web.servlet.WebMvcMetricsFilter.filterAndRecordMetrics(WebMvcMetricsFilter.java:155)
	at org.springframework.boot.actuate.metrics.web.servlet.WebMvcMetricsFilter.filterAndRecordMetrics(WebMvcMetricsFilter.java:123)
	at org.springframework.boot.actuate.metrics.web.servlet.WebMvcMetricsFilter.doFilterInternal(WebMvcMetricsFilter.java:108)
	at org.springframework.web.filter.OncePerRequestFilter.doFilter(OncePerRequestFilter.java:107)
	at org.apache.catalina.core.ApplicationFilterChain.internalDoFilter(ApplicationFilterChain.java:193)
	at org.apache.catalina.core.ApplicationFilterChain.doFilter(ApplicationFilterChain.java:166)
	at org.springframework.web.filter.CharacterEncodingFilter.doFilterInternal(CharacterEncodingFilter.java:200)
	at org.springframework.web.filter.OncePerRequestFilter.doFilter(OncePerRequestFilter.java:107)
	at org.apache.catalina.core.ApplicationFilterChain.internalDoFilter(ApplicationFilterChain.java:193)
	at org.apache.catalina.core.ApplicationFilterChain.doFilter(ApplicationFilterChain.java:166)
	at org.apache.catalina.core.StandardWrapperValve.invoke(StandardWrapperValve.java:198)
	at org.apache.catalina.core.StandardContextValve.invoke(StandardContextValve.java:96)
	at org.apache.catalina.authenticator.AuthenticatorBase.invoke(AuthenticatorBase.java:493)
	at org.apache.catalina.core.StandardHostValve.invoke(StandardHostValve.java:140)
	at org.apache.catalina.valves.ErrorReportValve.invoke(ErrorReportValve.java:81)
	at org.apache.catalina.core.StandardEngineValve.invoke(StandardEngineValve.java:87)
	at org.apache.catalina.connector.CoyoteAdapter.service(CoyoteAdapter.java:342)
	at org.apache.coyote.http11.Http11Processor.service(Http11Processor.java:800)
	at org.apache.coyote.AbstractProcessorLight.process(AbstractProcessorLight.java:66)
	at org.apache.coyote.AbstractProtocol$ConnectionHandler.process(AbstractProtocol.java:800)
	at org.apache.tomcat.util.net.NioEndpoint$SocketProcessor.doRun(NioEndpoint.java:1471)
	at org.apache.tomcat.util.net.SocketProcessorBase.run(SocketProcessorBase.java:49)
	at java.util.concurrent.ThreadPoolExecutor.runWorker(ThreadPoolExecutor.java:1149)
	at java.util.concurrent.ThreadPoolExecutor$Worker.run(ThreadPoolExecutor.java:624)
	at org.apache.tomcat.util.threads.TaskThread$WrappingRunnable.run(TaskThread.java:61)
	at java.lang.Thread.run(Thread.java:748)
]]></system-err>
  </testcase>
  <testcase name="testLogin" classname="com.devonfw.application.jtqj.general.service.impl.rest.SecurityRestServiceImplTest" time="4.691">
    <error message="404 null" type="org.springframework.web.client.HttpClientErrorException">org.springframework.web.client.HttpClientErrorException: 404 null
	at com.devonfw.application.jtqj.general.service.impl.rest.SecurityRestServiceImplTest.login(SecurityRestServiceImplTest.java:92)
	at com.devonfw.application.jtqj.general.service.impl.rest.SecurityRestServiceImplTest.testLogin(SecurityRestServiceImplTest.java:40)
</error>
    <system-out><![CDATA[[D: 2019-01-18 12:59:08,488] [P: DEBUG] [C: ] [T: http-nio-auto-1-exec-3] [L: com.devonfw.module.logging.common.impl.DiagnosticContextFilter] - [M: No correlation ID found for HTTP header X-Correlation-Id.]  
[D: 2019-01-18 12:59:08,488] [P: DEBUG] [C: 723f32e1-12f3-4e2a-8401-56ee3b1adf82] [T: http-nio-auto-1-exec-3] [L: com.devonfw.module.logging.common.impl.DiagnosticContextFilter] - [M: Created unique correlation ID 723f32e1-12f3-4e2a-8401-56ee3b1adf82.]  
[D: 2019-01-18 12:59:08,490] [P: DEBUG] [C: 723f32e1-12f3-4e2a-8401-56ee3b1adf82] [T: http-nio-auto-1-exec-3] [L: org.apache.cxf.transport.servlet.ServletController] - [M: Service http request on thread: Thread[http-nio-auto-1-exec-3,5,main]]  
[D: 2019-01-18 12:59:08,490] [P: DEBUG] [C: 723f32e1-12f3-4e2a-8401-56ee3b1adf82] [T: http-nio-auto-1-exec-3] [L: org.apache.cxf.transport.http.AbstractHTTPDestination] - [M: Create a new message for processing]  
[D: 2019-01-18 12:59:08,500] [P: DEBUG] [C: 723f32e1-12f3-4e2a-8401-56ee3b1adf82] [T: http-nio-auto-1-exec-3] [L: org.apache.cxf.transport.http.Headers] - [M: Request Headers: {Accept=[text/plain, application/json, application/*+json, */*], accept-charset=[big5, big5-hkscs, cesu-8, euc-jp, euc-kr, gb18030, gb2312, gbk, ibm-thai, ibm00858, ibm01140, ibm01141, ibm01142, ibm01143, ibm01144, ibm01145, ibm01146, ibm01147, ibm01148, ibm01149, ibm037, ibm1026, ibm1047, ibm273, ibm277, ibm278, ibm280, ibm284, ibm285, ibm290, ibm297, ibm420, ibm424, ibm437, ibm500, ibm775, ibm850, ibm852, ibm855, ibm857, ibm860, ibm861, ibm862, ibm863, ibm864, ibm865, ibm866, ibm868, ibm869, ibm870, ibm871, ibm918, iso-2022-cn, iso-2022-jp, iso-2022-jp-2, iso-2022-kr, iso-8859-1, iso-8859-13, iso-8859-15, iso-8859-2, iso-8859-3, iso-8859-4, iso-8859-5, iso-8859-6, iso-8859-7, iso-8859-8, iso-8859-9, jis_x0201, jis_x0212-1990, koi8-r, koi8-u, shift_jis, tis-620, us-ascii, utf-16, utf-16be, utf-16le, utf-32, utf-32be, utf-32le, utf-8, windows-1250, windows-1251, windows-1252, windows-1253, windows-1254, windows-1255, windows-1256, windows-1257, windows-1258, windows-31j, x-big5-hkscs-2001, x-big5-solaris, x-euc-jp-linux, x-euc-tw, x-eucjp-open, x-ibm1006, x-ibm1025, x-ibm1046, x-ibm1097, x-ibm1098, x-ibm1112, x-ibm1122, x-ibm1123, x-ibm1124, x-ibm1166, x-ibm1364, x-ibm1381, x-ibm1383, x-ibm300, x-ibm33722, x-ibm737, x-ibm833, x-ibm834, x-ibm856, x-ibm874, x-ibm875, x-ibm921, x-ibm922, x-ibm930, x-ibm933, x-ibm935, x-ibm937, x-ibm939, x-ibm942, x-ibm942c, x-ibm943, x-ibm943c, x-ibm948, x-ibm949, x-ibm949c, x-ibm950, x-ibm964, x-ibm970, x-iscii91, x-iso-2022-cn-cns, x-iso-2022-cn-gb, x-iso-8859-11, x-jis0208, x-jisautodetect, x-johab, x-macarabic, x-maccentraleurope, x-maccroatian, x-maccyrillic, x-macdingbat, x-macgreek, x-machebrew, x-maciceland, x-macroman, x-macromania, x-macsymbol, x-macthai, x-macturkish, x-macukraine, x-ms932_0213, x-ms950-hkscs, x-ms950-hkscs-xp, x-mswin-936, x-pck, x-sjis_0213, x-utf-16le-bom, x-utf-32be-bom, x-utf-32le-bom, x-windows-50220, x-windows-50221, x-windows-874, x-windows-949, x-windows-950, x-windows-iso2022jp], Authorization=[***], cache-control=[no-cache], connection=[keep-alive], Content-Length=[48], content-type=[text/plain;charset=ISO-8859-1], host=[localhost:50821], pragma=[no-cache], Proxy-Authorization=[***], user-agent=[Java/1.8.0_192]}]  
[D: 2019-01-18 12:59:08,508] [P: DEBUG] [C: 723f32e1-12f3-4e2a-8401-56ee3b1adf82] [T: http-nio-auto-1-exec-3] [L: org.apache.cxf.phase.PhaseInterceptorChain] - [M: Adding interceptor org.apache.cxf.ws.policy.PolicyInInterceptor@2550cbc8 to phase receive]  
[D: 2019-01-18 12:59:08,508] [P: DEBUG] [C: 723f32e1-12f3-4e2a-8401-56ee3b1adf82] [T: http-nio-auto-1-exec-3] [L: org.apache.cxf.phase.PhaseInterceptorChain] - [M: Adding interceptor org.apache.cxf.interceptor.ServiceInvokerInterceptor@5ce6d61f to phase invoke]  
[D: 2019-01-18 12:59:08,509] [P: DEBUG] [C: 723f32e1-12f3-4e2a-8401-56ee3b1adf82] [T: http-nio-auto-1-exec-3] [L: org.apache.cxf.phase.PhaseInterceptorChain] - [M: Adding interceptor org.apache.cxf.interceptor.OutgoingChainInterceptor@de4a0f0 to phase post-invoke]  
[D: 2019-01-18 12:59:08,509] [P: DEBUG] [C: 723f32e1-12f3-4e2a-8401-56ee3b1adf82] [T: http-nio-auto-1-exec-3] [L: org.apache.cxf.phase.PhaseInterceptorChain] - [M: Adding interceptor org.apache.cxf.interceptor.OneWayProcessorInterceptor@418c0135 to phase pre-logical]  
[D: 2019-01-18 12:59:08,509] [P: DEBUG] [C: 723f32e1-12f3-4e2a-8401-56ee3b1adf82] [T: http-nio-auto-1-exec-3] [L: org.apache.cxf.phase.PhaseInterceptorChain] - [M: Adding interceptor org.apache.cxf.jaxrs.interceptor.JAXRSInInterceptor@7dedaad9 to phase unmarshal]  
[D: 2019-01-18 12:59:08,509] [P: DEBUG] [C: 723f32e1-12f3-4e2a-8401-56ee3b1adf82] [T: http-nio-auto-1-exec-3] [L: org.apache.cxf.phase.PhaseInterceptorChain] - [M: Adding interceptor org.apache.cxf.transport.https.CertConstraintsInterceptor@1751dd55 to phase pre-stream]  
[D: 2019-01-18 12:59:08,509] [P: DEBUG] [C: 723f32e1-12f3-4e2a-8401-56ee3b1adf82] [T: http-nio-auto-1-exec-3] [L: org.apache.cxf.phase.PhaseInterceptorChain] - [M: Chain org.apache.cxf.phase.PhaseInterceptorChain@3f1a0c6f was created. Current flow:
  receive [PolicyInInterceptor]
  pre-stream [CertConstraintsInterceptor]
  unmarshal [JAXRSInInterceptor]
  pre-logical [OneWayProcessorInterceptor]
  invoke [ServiceInvokerInterceptor]
  post-invoke [OutgoingChainInterceptor]
]  
[D: 2019-01-18 12:59:08,509] [P: DEBUG] [C: 723f32e1-12f3-4e2a-8401-56ee3b1adf82] [T: http-nio-auto-1-exec-3] [L: org.apache.cxf.phase.PhaseInterceptorChain] - [M: Invoking handleMessage on interceptor org.apache.cxf.ws.policy.PolicyInInterceptor@2550cbc8]  
[D: 2019-01-18 12:59:08,510] [P: DEBUG] [C: 723f32e1-12f3-4e2a-8401-56ee3b1adf82] [T: http-nio-auto-1-exec-3] [L: org.apache.cxf.phase.PhaseInterceptorChain] - [M: Invoking handleMessage on interceptor org.apache.cxf.transport.https.CertConstraintsInterceptor@1751dd55]  
[D: 2019-01-18 12:59:08,510] [P: DEBUG] [C: 723f32e1-12f3-4e2a-8401-56ee3b1adf82] [T: http-nio-auto-1-exec-3] [L: org.apache.cxf.phase.PhaseInterceptorChain] - [M: Invoking handleMessage on interceptor org.apache.cxf.jaxrs.interceptor.JAXRSInInterceptor@7dedaad9]  
[D: 2019-01-18 12:59:08,528] [P: DEBUG] [C: 723f32e1-12f3-4e2a-8401-56ee3b1adf82] [T: http-nio-auto-1-exec-3] [L: org.apache.cxf.jaxrs.utils.JAXRSUtils] - [M: Trying to select a resource class, request path : /login]  
[D: 2019-01-18 12:59:08,531] [P: DEBUG] [C: 723f32e1-12f3-4e2a-8401-56ee3b1adf82] [T: http-nio-auto-1-exec-3] [L: org.apache.cxf.jaxrs.utils.JAXRSUtils] - [M: No resource class match for com.devonfw.application.jtqj.accesscodemanagement.service.impl.rest.AccesscodemanagementRestServiceImpl, request path : /login]  
[D: 2019-01-18 12:59:08,532] [P: DEBUG] [C: 723f32e1-12f3-4e2a-8401-56ee3b1adf82] [T: http-nio-auto-1-exec-3] [L: org.apache.cxf.jaxrs.utils.JAXRSUtils] - [M: No resource class match for com.devonfw.application.jtqj.general.service.impl.rest.SecurityRestServiceImpl, request path : /login]  
[D: 2019-01-18 12:59:08,533] [P: DEBUG] [C: 723f32e1-12f3-4e2a-8401-56ee3b1adf82] [T: http-nio-auto-1-exec-3] [L: org.apache.cxf.jaxrs.utils.JAXRSUtils] - [M: No resource class match for com.devonfw.application.jtqj.queuemanagement.service.impl.rest.QueuemanagementRestServiceImpl, request path : /login]  
[D: 2019-01-18 12:59:08,534] [P: DEBUG] [C: 723f32e1-12f3-4e2a-8401-56ee3b1adf82] [T: http-nio-auto-1-exec-3] [L: org.apache.cxf.jaxrs.utils.JAXRSUtils] - [M: No resource class match for com.devonfw.application.jtqj.visitormanagement.service.impl.rest.VisitormanagementRestServiceImpl, request path : /login]  
[D: 2019-01-18 12:59:08,539] [P: DEBUG] [C: 723f32e1-12f3-4e2a-8401-56ee3b1adf82] [T: http-nio-auto-1-exec-3] [L: org.apache.cxf.jaxrs.interceptor.JAXRSInInterceptor] - [M: No root resource matching request path /services/rest/login has been found, Relative Path: /login. Please enable FINE/TRACE log level for more details.]  
[D: 2019-01-18 12:59:08,560] [P: DEBUG] [C: 723f32e1-12f3-4e2a-8401-56ee3b1adf82] [T: http-nio-auto-1-exec-3] [L: org.apache.cxf.jaxrs.impl.WebApplicationExceptionMapper] - [M: javax.ws.rs.NotFoundException: HTTP 404 Not Found
	at org.apache.cxf.jaxrs.utils.SpecExceptions.toNotFoundException(SpecExceptions.java:89)
	at org.apache.cxf.jaxrs.utils.ExceptionUtils.toNotFoundException(ExceptionUtils.java:127)
	at org.apache.cxf.jaxrs.interceptor.JAXRSInInterceptor.processRequest(JAXRSInInterceptor.java:173)
	at org.apache.cxf.jaxrs.interceptor.JAXRSInInterceptor.handleMessage(JAXRSInInterceptor.java:78)
	at org.apache.cxf.phase.PhaseInterceptorChain.doIntercept(PhaseInterceptorChain.java:308)
	at org.apache.cxf.transport.ChainInitiationObserver.onMessage(ChainInitiationObserver.java:121)
	at org.apache.cxf.transport.http.AbstractHTTPDestination.invoke(AbstractHTTPDestination.java:267)
	at org.apache.cxf.transport.servlet.ServletController.invokeDestination(ServletController.java:234)
	at org.apache.cxf.transport.servlet.ServletController.invoke(ServletController.java:208)
	at org.apache.cxf.transport.servlet.ServletController.invoke(ServletController.java:160)
	at org.apache.cxf.transport.servlet.CXFNonSpringServlet.invoke(CXFNonSpringServlet.java:216)
	at org.apache.cxf.transport.servlet.AbstractHTTPServlet.handleRequest(AbstractHTTPServlet.java:301)
	at org.apache.cxf.transport.servlet.AbstractHTTPServlet.doPost(AbstractHTTPServlet.java:220)
	at javax.servlet.http.HttpServlet.service(HttpServlet.java:707)
	at org.apache.cxf.transport.servlet.AbstractHTTPServlet.service(AbstractHTTPServlet.java:276)
	at org.apache.catalina.core.ApplicationFilterChain.internalDoFilter(ApplicationFilterChain.java:231)
	at org.apache.catalina.core.ApplicationFilterChain.doFilter(ApplicationFilterChain.java:166)
	at org.apache.tomcat.websocket.server.WsFilter.doFilter(WsFilter.java:52)
	at org.apache.catalina.core.ApplicationFilterChain.internalDoFilter(ApplicationFilterChain.java:193)
	at org.apache.catalina.core.ApplicationFilterChain.doFilter(ApplicationFilterChain.java:166)
	at org.springframework.web.filter.OncePerRequestFilter.doFilter(OncePerRequestFilter.java:101)
	at org.apache.catalina.core.ApplicationFilterChain.internalDoFilter(ApplicationFilterChain.java:193)
	at org.apache.catalina.core.ApplicationFilterChain.doFilter(ApplicationFilterChain.java:166)
	at com.devonfw.module.logging.common.impl.DiagnosticContextFilter.doFilter(DiagnosticContextFilter.java:84)
	at org.apache.catalina.core.ApplicationFilterChain.internalDoFilter(ApplicationFilterChain.java:193)
	at org.apache.catalina.core.ApplicationFilterChain.doFilter(ApplicationFilterChain.java:166)
	at com.devonfw.module.logging.common.impl.PerformanceLogFilter.doFilter(PerformanceLogFilter.java:59)
	at org.apache.catalina.core.ApplicationFilterChain.internalDoFilter(ApplicationFilterChain.java:193)
	at org.apache.catalina.core.ApplicationFilterChain.doFilter(ApplicationFilterChain.java:166)
	at org.springframework.boot.actuate.web.trace.servlet.HttpTraceFilter.doFilterInternal(HttpTraceFilter.java:90)
	at org.springframework.web.filter.OncePerRequestFilter.doFilter(OncePerRequestFilter.java:107)
	at org.apache.catalina.core.ApplicationFilterChain.internalDoFilter(ApplicationFilterChain.java:193)
	at org.apache.catalina.core.ApplicationFilterChain.doFilter(ApplicationFilterChain.java:166)
	at org.springframework.security.web.FilterChainProxy$VirtualFilterChain.doFilter(FilterChainProxy.java:320)
	at org.springframework.security.web.access.intercept.FilterSecurityInterceptor.invoke(FilterSecurityInterceptor.java:127)
	at org.springframework.security.web.access.intercept.FilterSecurityInterceptor.doFilter(FilterSecurityInterceptor.java:91)
	at org.springframework.security.web.FilterChainProxy$VirtualFilterChain.doFilter(FilterChainProxy.java:334)
	at org.springframework.security.web.access.ExceptionTranslationFilter.doFilter(ExceptionTranslationFilter.java:119)
	at org.springframework.security.web.FilterChainProxy$VirtualFilterChain.doFilter(FilterChainProxy.java:334)
	at org.springframework.security.web.session.SessionManagementFilter.doFilter(SessionManagementFilter.java:137)
	at org.springframework.security.web.FilterChainProxy$VirtualFilterChain.doFilter(FilterChainProxy.java:334)
	at org.springframework.security.web.authentication.AnonymousAuthenticationFilter.doFilter(AnonymousAuthenticationFilter.java:111)
	at org.springframework.security.web.FilterChainProxy$VirtualFilterChain.doFilter(FilterChainProxy.java:334)
	at org.springframework.security.web.servletapi.SecurityContextHolderAwareRequestFilter.doFilter(SecurityContextHolderAwareRequestFilter.java:170)
	at org.springframework.security.web.FilterChainProxy$VirtualFilterChain.doFilter(FilterChainProxy.java:334)
	at org.springframework.security.web.savedrequest.RequestCacheAwareFilter.doFilter(RequestCacheAwareFilter.java:63)
	at org.springframework.security.web.FilterChainProxy$VirtualFilterChain.doFilter(FilterChainProxy.java:334)
	at org.springframework.security.web.authentication.www.BasicAuthenticationFilter.doFilterInternal(BasicAuthenticationFilter.java:158)
	at org.springframework.web.filter.OncePerRequestFilter.doFilter(OncePerRequestFilter.java:107)
	at org.springframework.security.web.FilterChainProxy$VirtualFilterChain.doFilter(FilterChainProxy.java:334)
	at org.springframework.security.web.authentication.logout.LogoutFilter.doFilter(LogoutFilter.java:116)
	at org.springframework.security.web.FilterChainProxy$VirtualFilterChain.doFilter(FilterChainProxy.java:334)
	at org.springframework.web.filter.CorsFilter.doFilterInternal(CorsFilter.java:96)
	at org.springframework.web.filter.OncePerRequestFilter.doFilter(OncePerRequestFilter.java:107)
	at org.springframework.security.web.FilterChainProxy$VirtualFilterChain.doFilter(FilterChainProxy.java:334)
	at org.springframework.security.web.header.HeaderWriterFilter.doFilterInternal(HeaderWriterFilter.java:66)
	at org.springframework.web.filter.OncePerRequestFilter.doFilter(OncePerRequestFilter.java:107)
	at org.springframework.security.web.FilterChainProxy$VirtualFilterChain.doFilter(FilterChainProxy.java:334)
	at org.springframework.security.web.context.SecurityContextPersistenceFilter.doFilter(SecurityContextPersistenceFilter.java:105)
	at org.springframework.security.web.FilterChainProxy$VirtualFilterChain.doFilter(FilterChainProxy.java:334)
	at org.springframework.security.web.context.request.async.WebAsyncManagerIntegrationFilter.doFilterInternal(WebAsyncManagerIntegrationFilter.java:56)
	at org.springframework.web.filter.OncePerRequestFilter.doFilter(OncePerRequestFilter.java:107)
	at org.springframework.security.web.FilterChainProxy$VirtualFilterChain.doFilter(FilterChainProxy.java:334)
	at org.springframework.security.web.FilterChainProxy.doFilterInternal(FilterChainProxy.java:215)
	at org.springframework.security.web.FilterChainProxy.doFilter(FilterChainProxy.java:178)
	at org.springframework.web.filter.DelegatingFilterProxy.invokeDelegate(DelegatingFilterProxy.java:357)
	at org.springframework.web.filter.DelegatingFilterProxy.doFilter(DelegatingFilterProxy.java:270)
	at org.apache.catalina.core.ApplicationFilterChain.internalDoFilter(ApplicationFilterChain.java:193)
	at org.apache.catalina.core.ApplicationFilterChain.doFilter(ApplicationFilterChain.java:166)
	at org.springframework.web.filter.RequestContextFilter.doFilterInternal(RequestContextFilter.java:99)
	at org.springframework.web.filter.OncePerRequestFilter.doFilter(OncePerRequestFilter.java:107)
	at org.apache.catalina.core.ApplicationFilterChain.internalDoFilter(ApplicationFilterChain.java:193)
	at org.apache.catalina.core.ApplicationFilterChain.doFilter(ApplicationFilterChain.java:166)
	at org.springframework.web.filter.HttpPutFormContentFilter.doFilterInternal(HttpPutFormContentFilter.java:109)
	at org.springframework.web.filter.OncePerRequestFilter.doFilter(OncePerRequestFilter.java:107)
	at org.apache.catalina.core.ApplicationFilterChain.internalDoFilter(ApplicationFilterChain.java:193)
	at org.apache.catalina.core.ApplicationFilterChain.doFilter(ApplicationFilterChain.java:166)
	at org.springframework.web.filter.HiddenHttpMethodFilter.doFilterInternal(HiddenHttpMethodFilter.java:93)
	at org.springframework.web.filter.OncePerRequestFilter.doFilter(OncePerRequestFilter.java:107)
	at org.apache.catalina.core.ApplicationFilterChain.internalDoFilter(ApplicationFilterChain.java:193)
	at org.apache.catalina.core.ApplicationFilterChain.doFilter(ApplicationFilterChain.java:166)
	at org.springframework.boot.actuate.metrics.web.servlet.WebMvcMetricsFilter.filterAndRecordMetrics(WebMvcMetricsFilter.java:155)
	at org.springframework.boot.actuate.metrics.web.servlet.WebMvcMetricsFilter.filterAndRecordMetrics(WebMvcMetricsFilter.java:123)
	at org.springframework.boot.actuate.metrics.web.servlet.WebMvcMetricsFilter.doFilterInternal(WebMvcMetricsFilter.java:108)
	at org.springframework.web.filter.OncePerRequestFilter.doFilter(OncePerRequestFilter.java:107)
	at org.apache.catalina.core.ApplicationFilterChain.internalDoFilter(ApplicationFilterChain.java:193)
	at org.apache.catalina.core.ApplicationFilterChain.doFilter(ApplicationFilterChain.java:166)
	at org.springframework.web.filter.CharacterEncodingFilter.doFilterInternal(CharacterEncodingFilter.java:200)
	at org.springframework.web.filter.OncePerRequestFilter.doFilter(OncePerRequestFilter.java:107)
	at org.apache.catalina.core.ApplicationFilterChain.internalDoFilter(ApplicationFilterChain.java:193)
	at org.apache.catalina.core.ApplicationFilterChain.doFilter(ApplicationFilterChain.java:166)
	at org.apache.catalina.core.StandardWrapperValve.invoke(StandardWrapperValve.java:198)
	at org.apache.catalina.core.StandardContextValve.invoke(StandardContextValve.java:96)
	at org.apache.catalina.authenticator.AuthenticatorBase.invoke(AuthenticatorBase.java:493)
	at org.apache.catalina.core.StandardHostValve.invoke(StandardHostValve.java:140)
	at org.apache.catalina.valves.ErrorReportValve.invoke(ErrorReportValve.java:81)
	at org.apache.catalina.core.StandardEngineValve.invoke(StandardEngineValve.java:87)
	at org.apache.catalina.connector.CoyoteAdapter.service(CoyoteAdapter.java:342)
	at org.apache.coyote.http11.Http11Processor.service(Http11Processor.java:800)
	at org.apache.coyote.AbstractProcessorLight.process(AbstractProcessorLight.java:66)
	at org.apache.coyote.AbstractProtocol$ConnectionHandler.process(AbstractProtocol.java:800)
	at org.apache.tomcat.util.net.NioEndpoint$SocketProcessor.doRun(NioEndpoint.java:1471)
	at org.apache.tomcat.util.net.SocketProcessorBase.run(SocketProcessorBase.java:49)
	at java.util.concurrent.ThreadPoolExecutor.runWorker(ThreadPoolExecutor.java:1149)
	at java.util.concurrent.ThreadPoolExecutor$Worker.run(ThreadPoolExecutor.java:624)
	at org.apache.tomcat.util.threads.TaskThread$WrappingRunnable.run(TaskThread.java:61)
	at java.lang.Thread.run(Thread.java:748)
]  
[D: 2019-01-18 12:59:08,560] [P: DEBUG] [C: 723f32e1-12f3-4e2a-8401-56ee3b1adf82] [T: http-nio-auto-1-exec-3] [L: org.apache.cxf.interceptor.OutgoingChainInterceptor] - [M: Interceptors contributed by endpoint: [org.apache.cxf.interceptor.MessageSenderInterceptor@6312a8dd]]  
[D: 2019-01-18 12:59:08,560] [P: DEBUG] [C: 723f32e1-12f3-4e2a-8401-56ee3b1adf82] [T: http-nio-auto-1-exec-3] [L: org.apache.cxf.phase.PhaseInterceptorChain] - [M: Adding interceptor org.apache.cxf.interceptor.MessageSenderInterceptor@6312a8dd to phase prepare-send]  
[D: 2019-01-18 12:59:08,560] [P: DEBUG] [C: 723f32e1-12f3-4e2a-8401-56ee3b1adf82] [T: http-nio-auto-1-exec-3] [L: org.apache.cxf.interceptor.OutgoingChainInterceptor] - [M: Interceptors contributed by service: []]  
[D: 2019-01-18 12:59:08,561] [P: DEBUG] [C: 723f32e1-12f3-4e2a-8401-56ee3b1adf82] [T: http-nio-auto-1-exec-3] [L: org.apache.cxf.interceptor.OutgoingChainInterceptor] - [M: Interceptors contributed by bus: [org.apache.cxf.ws.policy.PolicyOutInterceptor@92dfafd]]  
[D: 2019-01-18 12:59:08,561] [P: DEBUG] [C: 723f32e1-12f3-4e2a-8401-56ee3b1adf82] [T: http-nio-auto-1-exec-3] [L: org.apache.cxf.phase.PhaseInterceptorChain] - [M: Adding interceptor org.apache.cxf.ws.policy.PolicyOutInterceptor@92dfafd to phase setup]  
[D: 2019-01-18 12:59:08,561] [P: DEBUG] [C: 723f32e1-12f3-4e2a-8401-56ee3b1adf82] [T: http-nio-auto-1-exec-3] [L: org.apache.cxf.interceptor.OutgoingChainInterceptor] - [M: Interceptors contributed by binding: [org.apache.cxf.jaxrs.interceptor.JAXRSOutInterceptor@75c0741b]]  
[D: 2019-01-18 12:59:08,561] [P: DEBUG] [C: 723f32e1-12f3-4e2a-8401-56ee3b1adf82] [T: http-nio-auto-1-exec-3] [L: org.apache.cxf.phase.PhaseInterceptorChain] - [M: Adding interceptor org.apache.cxf.jaxrs.interceptor.JAXRSOutInterceptor@75c0741b to phase marshal]  
[D: 2019-01-18 12:59:08,561] [P: DEBUG] [C: 723f32e1-12f3-4e2a-8401-56ee3b1adf82] [T: http-nio-auto-1-exec-3] [L: org.apache.cxf.phase.PhaseInterceptorChain] - [M: Invoking handleMessage on interceptor org.apache.cxf.interceptor.OutgoingChainInterceptor@de4a0f0]  
[D: 2019-01-18 12:59:08,567] [P: DEBUG] [C: 723f32e1-12f3-4e2a-8401-56ee3b1adf82] [T: http-nio-auto-1-exec-3] [L: org.apache.cxf.phase.PhaseInterceptorChain] - [M: Chain org.apache.cxf.phase.PhaseInterceptorChain@5b8256c8 was created. Current flow:
  setup [PolicyOutInterceptor]
  prepare-send [MessageSenderInterceptor]
  marshal [JAXRSOutInterceptor]
]  
[D: 2019-01-18 12:59:08,568] [P: DEBUG] [C: 723f32e1-12f3-4e2a-8401-56ee3b1adf82] [T: http-nio-auto-1-exec-3] [L: org.apache.cxf.phase.PhaseInterceptorChain] - [M: Invoking handleMessage on interceptor org.apache.cxf.ws.policy.PolicyOutInterceptor@92dfafd]  
[D: 2019-01-18 12:59:08,569] [P: DEBUG] [C: 723f32e1-12f3-4e2a-8401-56ee3b1adf82] [T: http-nio-auto-1-exec-3] [L: org.apache.cxf.ws.policy.PolicyOutInterceptor] - [M: No binding operation info.]  
[D: 2019-01-18 12:59:08,571] [P: DEBUG] [C: 723f32e1-12f3-4e2a-8401-56ee3b1adf82] [T: http-nio-auto-1-exec-3] [L: org.apache.cxf.phase.PhaseInterceptorChain] - [M: Invoking handleMessage on interceptor org.apache.cxf.interceptor.MessageSenderInterceptor@6312a8dd]  
[D: 2019-01-18 12:59:08,574] [P: DEBUG] [C: 723f32e1-12f3-4e2a-8401-56ee3b1adf82] [T: http-nio-auto-1-exec-3] [L: org.apache.cxf.phase.PhaseInterceptorChain] - [M: Adding interceptor org.apache.cxf.interceptor.MessageSenderInterceptor$MessageSenderEndingInterceptor@2601596d to phase prepare-send-ending]  
[D: 2019-01-18 12:59:08,574] [P: DEBUG] [C: 723f32e1-12f3-4e2a-8401-56ee3b1adf82] [T: http-nio-auto-1-exec-3] [L: org.apache.cxf.phase.PhaseInterceptorChain] - [M: Chain org.apache.cxf.phase.PhaseInterceptorChain@5b8256c8 was modified. Current flow:
  setup [PolicyOutInterceptor]
  prepare-send [MessageSenderInterceptor]
  marshal [JAXRSOutInterceptor]
  prepare-send-ending [MessageSenderEndingInterceptor]
]  
[D: 2019-01-18 12:59:08,574] [P: DEBUG] [C: 723f32e1-12f3-4e2a-8401-56ee3b1adf82] [T: http-nio-auto-1-exec-3] [L: org.apache.cxf.phase.PhaseInterceptorChain] - [M: Invoking handleMessage on interceptor org.apache.cxf.jaxrs.interceptor.JAXRSOutInterceptor@75c0741b]  
[D: 2019-01-18 12:59:08,574] [P: DEBUG] [C: 723f32e1-12f3-4e2a-8401-56ee3b1adf82] [T: http-nio-auto-1-exec-3] [L: org.apache.cxf.phase.PhaseInterceptorChain] - [M: Invoking handleMessage on interceptor org.apache.cxf.interceptor.MessageSenderInterceptor$MessageSenderEndingInterceptor@2601596d]  
[D: 2019-01-18 12:59:08,579] [P: DEBUG] [C: 723f32e1-12f3-4e2a-8401-56ee3b1adf82] [T: http-nio-auto-1-exec-3] [L: org.apache.cxf.transport.http.AbstractHTTPDestination] - [M: Finished servicing http request on thread: Thread[http-nio-auto-1-exec-3,5,main]]  
[D: 2019-01-18 12:59:08,580] [P: DEBUG] [C: 723f32e1-12f3-4e2a-8401-56ee3b1adf82] [T: http-nio-auto-1-exec-3] [L: org.apache.cxf.transport.servlet.ServletController] - [M: Finished servicing http request on thread: Thread[http-nio-auto-1-exec-3,5,main]]  
[D: 2019-01-18 12:59:08,581] [P: INFO ] [C: ] [T: http-nio-auto-1-exec-3] [L: com.devonfw.module.logging.common.impl.PerformanceLogFilter] - [M: http://localhost:50821/services/rest/login;91;404;;]  
]]></system-out>
  </testcase>
  <testcase name="testGetCsrfToken" classname="com.devonfw.application.jtqj.general.service.impl.rest.SecurityRestServiceImplTest" time="4.011">
    <error type="java.lang.NullPointerException">java.lang.NullPointerException
	at com.devonfw.application.jtqj.general.service.impl.rest.SecurityRestServiceImplTest.testGetCsrfToken(SecurityRestServiceImplTest.java:57)
</error>
    <system-out><![CDATA[[D: 2019-01-18 12:59:08,593] [P: DEBUG] [C: ] [T: main] [L: org.apache.cxf.jaxrs.model.AbstractResourceInfo] - [M: Injecting a custom context org.apache.cxf.jaxrs.ext.MessageContext, ContextProvider is required for this type]  
[D: 2019-01-18 12:59:08,594] [P: DEBUG] [C: ] [T: main] [L: org.apache.cxf.jaxrs.model.AbstractResourceInfo] - [M: Injecting a custom context org.apache.cxf.jaxrs.ext.MessageContext, ContextProvider is required for this type]  
[D: 2019-01-18 12:59:08,594] [P: DEBUG] [C: ] [T: main] [L: org.apache.cxf.jaxrs.model.AbstractResourceInfo] - [M: Injecting a custom context org.apache.cxf.jaxrs.ext.MessageContext, ContextProvider is required for this type]  
[D: 2019-01-18 12:59:08,594] [P: DEBUG] [C: ] [T: main] [L: org.apache.cxf.jaxrs.model.AbstractResourceInfo] - [M: Injecting a custom context org.apache.cxf.jaxrs.ext.MessageContext, ContextProvider is required for this type]  
[D: 2019-01-18 12:59:08,594] [P: DEBUG] [C: ] [T: main] [L: org.apache.cxf.jaxrs.model.AbstractResourceInfo] - [M: Injecting a custom context org.apache.cxf.jaxrs.ext.MessageContext, ContextProvider is required for this type]  
[D: 2019-01-18 12:59:08,594] [P: DEBUG] [C: ] [T: main] [L: org.apache.cxf.jaxrs.model.AbstractResourceInfo] - [M: Injecting a custom context org.apache.cxf.jaxrs.ext.MessageContext, ContextProvider is required for this type]  
[D: 2019-01-18 12:59:08,600] [P: DEBUG] [C: ] [T: main] [L: org.apache.cxf.jaxrs.provider.ProviderFactory] - [M: Problem with creating the default provider org.apache.cxf.jaxrs.provider.json.JSONProvider: org.apache.cxf.jaxrs.provider.json.JSONProvider]  
[D: 2019-01-18 12:59:08,607] [P: DEBUG] [C: ] [T: main] [L: org.apache.cxf.configuration.spring.ConfigurerImpl] - [M: Could not find a definition for bean with id {http://rest.api.service.general.jtqj.application.devonfw.com/}SecurityRestService.http-conduit - no injection will be performed.]  
[D: 2019-01-18 12:59:08,607] [P: DEBUG] [C: ] [T: main] [L: org.apache.cxf.configuration.spring.ConfigurerImpl] - [M: Could not find a definition for bean with id http://localhost:50821///services/rest - no injection will be performed.]  
[D: 2019-01-18 12:59:08,607] [P: DEBUG] [C: ] [T: main] [L: org.apache.cxf.transport.http.HTTPConduit] - [M: Conduit '{http://rest.api.service.general.jtqj.application.devonfw.com/}SecurityRestService.http-conduit' has been (re)configured for plain http.]  
[D: 2019-01-18 12:59:08,607] [P: DEBUG] [C: ] [T: main] [L: org.apache.cxf.transport.http.HTTPConduit] - [M: No Trust Decider configured for Conduit '{http://rest.api.service.general.jtqj.application.devonfw.com/}SecurityRestService.http-conduit']  
[D: 2019-01-18 12:59:08,607] [P: DEBUG] [C: ] [T: main] [L: org.apache.cxf.transport.http.HTTPConduit] - [M: No Auth Supplier configured for Conduit '{http://rest.api.service.general.jtqj.application.devonfw.com/}SecurityRestService.http-conduit']  
[D: 2019-01-18 12:59:08,607] [P: DEBUG] [C: ] [T: main] [L: org.apache.cxf.transport.http.HTTPConduit] - [M: Conduit '{http://rest.api.service.general.jtqj.application.devonfw.com/}SecurityRestService.http-conduit' has been configured for plain http.]  
[D: 2019-01-18 12:59:08,607] [P: DEBUG] [C: ] [T: main] [L: org.apache.cxf.transport.http.HTTPConduit] - [M: registering incoming observer: org.apache.cxf.jaxrs.client.ClientMessageObserver@686faed5]  
[D: 2019-01-18 12:59:08,608] [P: DEBUG] [C: ] [T: main] [L: org.apache.cxf.phase.PhaseInterceptorChain] - [M: Adding interceptor org.apache.cxf.ws.policy.PolicyOutInterceptor@92dfafd to phase setup]  
[D: 2019-01-18 12:59:08,608] [P: DEBUG] [C: ] [T: main] [L: org.apache.cxf.phase.PhaseInterceptorChain] - [M: Adding interceptor org.apache.cxf.interceptor.MessageSenderInterceptor@519eccf4 to phase prepare-send]  
[D: 2019-01-18 12:59:08,608] [P: DEBUG] [C: ] [T: main] [L: org.apache.cxf.phase.PhaseInterceptorChain] - [M: Adding interceptor com.devonfw.module.cxf.common.impl.client.interceptor.PerformanceStartInterceptor@8f24238 to phase setup]  
[D: 2019-01-18 12:59:08,608] [P: DEBUG] [C: ] [T: main] [L: org.apache.cxf.phase.PhaseInterceptorChain] - [M: Adding interceptor org.apache.cxf.interceptor.MessageSenderInterceptor@519eccf4 to phase prepare-send]  
[D: 2019-01-18 12:59:08,608] [P: DEBUG] [C: ] [T: main] [L: org.apache.cxf.phase.PhaseInterceptorChain] - [M: Adding interceptor org.apache.cxf.jaxrs.client.spec.ClientRequestFilterInterceptor@1395c226 to phase pre-logical]  
[D: 2019-01-18 12:59:08,608] [P: DEBUG] [C: ] [T: main] [L: org.apache.cxf.phase.PhaseInterceptorChain] - [M: Adding interceptor org.apache.cxf.jaxrs.client.ClientProxyImpl$BodyWriter@619df87 to phase write]  
[D: 2019-01-18 12:59:08,608] [P: DEBUG] [C: ] [T: main] [L: org.apache.cxf.phase.PhaseInterceptorChain] - [M: Chain org.apache.cxf.phase.PhaseInterceptorChain@21c75adc was created. Current flow:
  setup [PolicyOutInterceptor, PerformanceStartInterceptor]
  pre-logical [ClientRequestFilterInterceptor]
  prepare-send [MessageSenderInterceptor]
  write [BodyWriter]
]  
[D: 2019-01-18 12:59:08,608] [P: DEBUG] [C: ] [T: main] [L: org.apache.cxf.phase.PhaseInterceptorChain] - [M: Invoking handleMessage on interceptor org.apache.cxf.ws.policy.PolicyOutInterceptor@92dfafd]  
[D: 2019-01-18 12:59:08,608] [P: DEBUG] [C: ] [T: main] [L: org.apache.cxf.ws.policy.PolicyOutInterceptor] - [M: No binding operation info.]  
[D: 2019-01-18 12:59:08,608] [P: DEBUG] [C: ] [T: main] [L: org.apache.cxf.phase.PhaseInterceptorChain] - [M: Invoking handleMessage on interceptor com.devonfw.module.cxf.common.impl.client.interceptor.PerformanceStartInterceptor@8f24238]  
[D: 2019-01-18 12:59:08,608] [P: DEBUG] [C: ] [T: main] [L: org.apache.cxf.phase.PhaseInterceptorChain] - [M: Invoking handleMessage on interceptor org.apache.cxf.jaxrs.client.spec.ClientRequestFilterInterceptor@1395c226]  
[D: 2019-01-18 12:59:08,608] [P: DEBUG] [C: ] [T: main] [L: org.apache.cxf.phase.PhaseInterceptorChain] - [M: Invoking handleMessage on interceptor org.apache.cxf.interceptor.MessageSenderInterceptor@519eccf4]  
[D: 2019-01-18 12:59:08,609] [P: DEBUG] [C: ] [T: main] [L: org.apache.cxf.phase.PhaseInterceptorChain] - [M: Adding interceptor org.apache.cxf.interceptor.MessageSenderInterceptor$MessageSenderEndingInterceptor@3b3e2f5e to phase prepare-send-ending]  
[D: 2019-01-18 12:59:08,609] [P: DEBUG] [C: ] [T: main] [L: org.apache.cxf.phase.PhaseInterceptorChain] - [M: Chain org.apache.cxf.phase.PhaseInterceptorChain@21c75adc was modified. Current flow:
  setup [PolicyOutInterceptor, PerformanceStartInterceptor]
  pre-logical [ClientRequestFilterInterceptor]
  prepare-send [MessageSenderInterceptor]
  write [BodyWriter]
  prepare-send-ending [MessageSenderEndingInterceptor]
]  
[D: 2019-01-18 12:59:08,609] [P: DEBUG] [C: ] [T: main] [L: org.apache.cxf.phase.PhaseInterceptorChain] - [M: Invoking handleMessage on interceptor org.apache.cxf.jaxrs.client.ClientProxyImpl$BodyWriter@619df87]  
[D: 2019-01-18 12:59:08,609] [P: DEBUG] [C: ] [T: main] [L: org.apache.cxf.phase.PhaseInterceptorChain] - [M: Invoking handleMessage on interceptor org.apache.cxf.interceptor.MessageSenderInterceptor$MessageSenderEndingInterceptor@3b3e2f5e]  
[D: 2019-01-18 12:59:08,609] [P: DEBUG] [C: ] [T: main] [L: org.apache.cxf.transport.http.Headers] - [M: Authorization: ***]  
[D: 2019-01-18 12:59:08,609] [P: DEBUG] [C: ] [T: main] [L: org.apache.cxf.transport.http.Headers] - [M: Content-Type: application/json]  
[D: 2019-01-18 12:59:08,609] [P: DEBUG] [C: ] [T: main] [L: org.apache.cxf.transport.http.Headers] - [M: Accept: application/json]  
[D: 2019-01-18 12:59:08,609] [P: DEBUG] [C: ] [T: main] [L: org.apache.cxf.transport.http.HTTPConduit] - [M: No Trust Decider for Conduit '{http://rest.api.service.general.jtqj.application.devonfw.com/}SecurityRestService.http-conduit'. An affirmative Trust Decision is assumed.]  
[D: 2019-01-18 12:59:08,612] [P: WARN ] [C: ] [T: http-nio-auto-1-exec-2] [L: com.devonfw.application.jtqj.general.common.impl.security.BaseUserDetailsService] - [M: Undefined access control waiter.]  
[D: 2019-01-18 12:59:08,615] [P: WARN ] [C: ] [T: http-nio-auto-1-exec-2] [L: com.devonfw.application.jtqj.general.common.impl.security.BaseUserDetailsService] - [M: Failed to get user waiter.]  
org.springframework.security.core.userdetails.UsernameNotFoundException: Authentication failed.
	at com.devonfw.application.jtqj.general.common.impl.security.BaseUserDetailsService.loadUserByUsername(BaseUserDetailsService.java:52)
	at org.springframework.security.authentication.dao.DaoAuthenticationProvider.retrieveUser(DaoAuthenticationProvider.java:104)
	at org.springframework.security.authentication.dao.AbstractUserDetailsAuthenticationProvider.authenticate(AbstractUserDetailsAuthenticationProvider.java:144)
	at org.springframework.security.authentication.ProviderManager.authenticate(ProviderManager.java:174)
	at org.springframework.security.authentication.ProviderManager.authenticate(ProviderManager.java:199)
	at org.springframework.security.config.annotation.web.configuration.WebSecurityConfigurerAdapter$AuthenticationManagerDelegator.authenticate(WebSecurityConfigurerAdapter.java:502)
	at org.springframework.security.web.authentication.www.BasicAuthenticationFilter.doFilterInternal(BasicAuthenticationFilter.java:180)
	at org.springframework.web.filter.OncePerRequestFilter.doFilter(OncePerRequestFilter.java:107)
	at org.springframework.security.web.FilterChainProxy$VirtualFilterChain.doFilter(FilterChainProxy.java:334)
	at org.springframework.security.web.authentication.logout.LogoutFilter.doFilter(LogoutFilter.java:116)
	at org.springframework.security.web.FilterChainProxy$VirtualFilterChain.doFilter(FilterChainProxy.java:334)
	at org.springframework.web.filter.CorsFilter.doFilterInternal(CorsFilter.java:96)
	at org.springframework.web.filter.OncePerRequestFilter.doFilter(OncePerRequestFilter.java:107)
	at org.springframework.security.web.FilterChainProxy$VirtualFilterChain.doFilter(FilterChainProxy.java:334)
	at org.springframework.security.web.header.HeaderWriterFilter.doFilterInternal(HeaderWriterFilter.java:66)
	at org.springframework.web.filter.OncePerRequestFilter.doFilter(OncePerRequestFilter.java:107)
	at org.springframework.security.web.FilterChainProxy$VirtualFilterChain.doFilter(FilterChainProxy.java:334)
	at org.springframework.security.web.context.SecurityContextPersistenceFilter.doFilter(SecurityContextPersistenceFilter.java:105)
	at org.springframework.security.web.FilterChainProxy$VirtualFilterChain.doFilter(FilterChainProxy.java:334)
	at org.springframework.security.web.context.request.async.WebAsyncManagerIntegrationFilter.doFilterInternal(WebAsyncManagerIntegrationFilter.java:56)
	at org.springframework.web.filter.OncePerRequestFilter.doFilter(OncePerRequestFilter.java:107)
	at org.springframework.security.web.FilterChainProxy$VirtualFilterChain.doFilter(FilterChainProxy.java:334)
	at org.springframework.security.web.FilterChainProxy.doFilterInternal(FilterChainProxy.java:215)
	at org.springframework.security.web.FilterChainProxy.doFilter(FilterChainProxy.java:178)
	at org.springframework.web.filter.DelegatingFilterProxy.invokeDelegate(DelegatingFilterProxy.java:357)
	at org.springframework.web.filter.DelegatingFilterProxy.doFilter(DelegatingFilterProxy.java:270)
	at org.apache.catalina.core.ApplicationFilterChain.internalDoFilter(ApplicationFilterChain.java:193)
	at org.apache.catalina.core.ApplicationFilterChain.doFilter(ApplicationFilterChain.java:166)
	at org.springframework.web.filter.RequestContextFilter.doFilterInternal(RequestContextFilter.java:99)
	at org.springframework.web.filter.OncePerRequestFilter.doFilter(OncePerRequestFilter.java:107)
	at org.apache.catalina.core.ApplicationFilterChain.internalDoFilter(ApplicationFilterChain.java:193)
	at org.apache.catalina.core.ApplicationFilterChain.doFilter(ApplicationFilterChain.java:166)
	at org.springframework.web.filter.HttpPutFormContentFilter.doFilterInternal(HttpPutFormContentFilter.java:109)
	at org.springframework.web.filter.OncePerRequestFilter.doFilter(OncePerRequestFilter.java:107)
	at org.apache.catalina.core.ApplicationFilterChain.internalDoFilter(ApplicationFilterChain.java:193)
	at org.apache.catalina.core.ApplicationFilterChain.doFilter(ApplicationFilterChain.java:166)
	at org.springframework.web.filter.HiddenHttpMethodFilter.doFilterInternal(HiddenHttpMethodFilter.java:93)
	at org.springframework.web.filter.OncePerRequestFilter.doFilter(OncePerRequestFilter.java:107)
	at org.apache.catalina.core.ApplicationFilterChain.internalDoFilter(ApplicationFilterChain.java:193)
	at org.apache.catalina.core.ApplicationFilterChain.doFilter(ApplicationFilterChain.java:166)
	at org.springframework.boot.actuate.metrics.web.servlet.WebMvcMetricsFilter.filterAndRecordMetrics(WebMvcMetricsFilter.java:155)
	at org.springframework.boot.actuate.metrics.web.servlet.WebMvcMetricsFilter.filterAndRecordMetrics(WebMvcMetricsFilter.java:123)
	at org.springframework.boot.actuate.metrics.web.servlet.WebMvcMetricsFilter.doFilterInternal(WebMvcMetricsFilter.java:108)
	at org.springframework.web.filter.OncePerRequestFilter.doFilter(OncePerRequestFilter.java:107)
	at org.apache.catalina.core.ApplicationFilterChain.internalDoFilter(ApplicationFilterChain.java:193)
	at org.apache.catalina.core.ApplicationFilterChain.doFilter(ApplicationFilterChain.java:166)
	at org.springframework.web.filter.CharacterEncodingFilter.doFilterInternal(CharacterEncodingFilter.java:200)
	at org.springframework.web.filter.OncePerRequestFilter.doFilter(OncePerRequestFilter.java:107)
	at org.apache.catalina.core.ApplicationFilterChain.internalDoFilter(ApplicationFilterChain.java:193)
	at org.apache.catalina.core.ApplicationFilterChain.doFilter(ApplicationFilterChain.java:166)
	at org.apache.catalina.core.StandardWrapperValve.invoke(StandardWrapperValve.java:198)
	at org.apache.catalina.core.StandardContextValve.invoke(StandardContextValve.java:96)
	at org.apache.catalina.authenticator.AuthenticatorBase.invoke(AuthenticatorBase.java:493)
	at org.apache.catalina.core.StandardHostValve.invoke(StandardHostValve.java:140)
	at org.apache.catalina.valves.ErrorReportValve.invoke(ErrorReportValve.java:81)
	at org.apache.catalina.core.StandardEngineValve.invoke(StandardEngineValve.java:87)
	at org.apache.catalina.connector.CoyoteAdapter.service(CoyoteAdapter.java:342)
	at org.apache.coyote.http11.Http11Processor.service(Http11Processor.java:800)
	at org.apache.coyote.AbstractProcessorLight.process(AbstractProcessorLight.java:66)
	at org.apache.coyote.AbstractProtocol$ConnectionHandler.process(AbstractProtocol.java:800)
	at org.apache.tomcat.util.net.NioEndpoint$SocketProcessor.doRun(NioEndpoint.java:1471)
	at org.apache.tomcat.util.net.SocketProcessorBase.run(SocketProcessorBase.java:49)
	at java.util.concurrent.ThreadPoolExecutor.runWorker(ThreadPoolExecutor.java:1149)
	at java.util.concurrent.ThreadPoolExecutor$Worker.run(ThreadPoolExecutor.java:624)
	at org.apache.tomcat.util.threads.TaskThread$WrappingRunnable.run(TaskThread.java:61)
	at java.lang.Thread.run(Thread.java:748)
Caused by: java.lang.NullPointerException: null
	at com.devonfw.application.jtqj.general.common.impl.security.BaseUserDetailsService.loadUserByUsername(BaseUserDetailsService.java:47)
	... 65 common frames omitted
[D: 2019-01-18 12:59:08,709] [P: DEBUG] [C: ] [T: main] [L: org.apache.cxf.phase.PhaseInterceptorChain] - [M: Adding interceptor org.apache.cxf.ws.policy.PolicyInInterceptor@2550cbc8 to phase receive]  
[D: 2019-01-18 12:59:08,710] [P: DEBUG] [C: ] [T: main] [L: org.apache.cxf.phase.PhaseInterceptorChain] - [M: Adding interceptor org.apache.cxf.jaxrs.client.ClientProxyImpl$ClientAsyncResponseInterceptor@6074eed to phase unmarshal]  
[D: 2019-01-18 12:59:08,710] [P: DEBUG] [C: ] [T: main] [L: org.apache.cxf.phase.PhaseInterceptorChain] - [M: Adding interceptor com.devonfw.module.cxf.common.impl.client.interceptor.PerformanceStopInterceptor@4eaa4c4d to phase post-invoke]  
[D: 2019-01-18 12:59:08,710] [P: DEBUG] [C: ] [T: main] [L: org.apache.cxf.phase.PhaseInterceptorChain] - [M: Adding interceptor org.apache.cxf.jaxrs.client.spec.ClientResponseFilterInterceptor@5520eefe to phase pre-protocol-frontend]  
[D: 2019-01-18 12:59:08,710] [P: DEBUG] [C: ] [T: main] [L: org.apache.cxf.phase.PhaseInterceptorChain] - [M: Chain org.apache.cxf.phase.PhaseInterceptorChain@1f2e6fdb was created. Current flow:
  receive [PolicyInInterceptor]
  pre-protocol-frontend [ClientResponseFilterInterceptor]
  unmarshal [ClientAsyncResponseInterceptor]
  post-invoke [PerformanceStopInterceptor]
]  
[D: 2019-01-18 12:59:08,710] [P: DEBUG] [C: ] [T: main] [L: org.apache.cxf.phase.PhaseInterceptorChain] - [M: Invoking handleMessage on interceptor org.apache.cxf.ws.policy.PolicyInInterceptor@2550cbc8]  
[D: 2019-01-18 12:59:08,710] [P: DEBUG] [C: ] [T: main] [L: org.apache.cxf.phase.PhaseInterceptorChain] - [M: Invoking handleMessage on interceptor org.apache.cxf.jaxrs.client.spec.ClientResponseFilterInterceptor@5520eefe]  
[D: 2019-01-18 12:59:08,710] [P: DEBUG] [C: ] [T: main] [L: org.apache.cxf.phase.PhaseInterceptorChain] - [M: Invoking handleMessage on interceptor org.apache.cxf.jaxrs.client.ClientProxyImpl$ClientAsyncResponseInterceptor@6074eed]  
[D: 2019-01-18 12:59:08,710] [P: DEBUG] [C: ] [T: main] [L: org.apache.cxf.phase.PhaseInterceptorChain] - [M: Invoking handleMessage on interceptor com.devonfw.module.cxf.common.impl.client.interceptor.PerformanceStopInterceptor@4eaa4c4d]  
[D: 2019-01-18 12:59:08,710] [P: INFO ] [C: ] [T: main] [L: com.devonfw.module.cxf.common.impl.client.interceptor.PerformanceStopInterceptor] - [M: Operation http://localhost:50821///services/rest succeeded after duration of 0.102158069]  
]]></system-out>
    <system-err><![CDATA[java.lang.NullPointerException
	at com.devonfw.application.jtqj.general.common.impl.security.BaseUserDetailsService.loadUserByUsername(BaseUserDetailsService.java:47)
	at org.springframework.security.authentication.dao.DaoAuthenticationProvider.retrieveUser(DaoAuthenticationProvider.java:104)
	at org.springframework.security.authentication.dao.AbstractUserDetailsAuthenticationProvider.authenticate(AbstractUserDetailsAuthenticationProvider.java:144)
	at org.springframework.security.authentication.ProviderManager.authenticate(ProviderManager.java:174)
	at org.springframework.security.authentication.ProviderManager.authenticate(ProviderManager.java:199)
	at org.springframework.security.config.annotation.web.configuration.WebSecurityConfigurerAdapter$AuthenticationManagerDelegator.authenticate(WebSecurityConfigurerAdapter.java:502)
	at org.springframework.security.web.authentication.www.BasicAuthenticationFilter.doFilterInternal(BasicAuthenticationFilter.java:180)
	at org.springframework.web.filter.OncePerRequestFilter.doFilter(OncePerRequestFilter.java:107)
	at org.springframework.security.web.FilterChainProxy$VirtualFilterChain.doFilter(FilterChainProxy.java:334)
	at org.springframework.security.web.authentication.logout.LogoutFilter.doFilter(LogoutFilter.java:116)
	at org.springframework.security.web.FilterChainProxy$VirtualFilterChain.doFilter(FilterChainProxy.java:334)
	at org.springframework.web.filter.CorsFilter.doFilterInternal(CorsFilter.java:96)
	at org.springframework.web.filter.OncePerRequestFilter.doFilter(OncePerRequestFilter.java:107)
	at org.springframework.security.web.FilterChainProxy$VirtualFilterChain.doFilter(FilterChainProxy.java:334)
	at org.springframework.security.web.header.HeaderWriterFilter.doFilterInternal(HeaderWriterFilter.java:66)
	at org.springframework.web.filter.OncePerRequestFilter.doFilter(OncePerRequestFilter.java:107)
	at org.springframework.security.web.FilterChainProxy$VirtualFilterChain.doFilter(FilterChainProxy.java:334)
	at org.springframework.security.web.context.SecurityContextPersistenceFilter.doFilter(SecurityContextPersistenceFilter.java:105)
	at org.springframework.security.web.FilterChainProxy$VirtualFilterChain.doFilter(FilterChainProxy.java:334)
	at org.springframework.security.web.context.request.async.WebAsyncManagerIntegrationFilter.doFilterInternal(WebAsyncManagerIntegrationFilter.java:56)
	at org.springframework.web.filter.OncePerRequestFilter.doFilter(OncePerRequestFilter.java:107)
	at org.springframework.security.web.FilterChainProxy$VirtualFilterChain.doFilter(FilterChainProxy.java:334)
	at org.springframework.security.web.FilterChainProxy.doFilterInternal(FilterChainProxy.java:215)
	at org.springframework.security.web.FilterChainProxy.doFilter(FilterChainProxy.java:178)
	at org.springframework.web.filter.DelegatingFilterProxy.invokeDelegate(DelegatingFilterProxy.java:357)
	at org.springframework.web.filter.DelegatingFilterProxy.doFilter(DelegatingFilterProxy.java:270)
	at org.apache.catalina.core.ApplicationFilterChain.internalDoFilter(ApplicationFilterChain.java:193)
	at org.apache.catalina.core.ApplicationFilterChain.doFilter(ApplicationFilterChain.java:166)
	at org.springframework.web.filter.RequestContextFilter.doFilterInternal(RequestContextFilter.java:99)
	at org.springframework.web.filter.OncePerRequestFilter.doFilter(OncePerRequestFilter.java:107)
	at org.apache.catalina.core.ApplicationFilterChain.internalDoFilter(ApplicationFilterChain.java:193)
	at org.apache.catalina.core.ApplicationFilterChain.doFilter(ApplicationFilterChain.java:166)
	at org.springframework.web.filter.HttpPutFormContentFilter.doFilterInternal(HttpPutFormContentFilter.java:109)
	at org.springframework.web.filter.OncePerRequestFilter.doFilter(OncePerRequestFilter.java:107)
	at org.apache.catalina.core.ApplicationFilterChain.internalDoFilter(ApplicationFilterChain.java:193)
	at org.apache.catalina.core.ApplicationFilterChain.doFilter(ApplicationFilterChain.java:166)
	at org.springframework.web.filter.HiddenHttpMethodFilter.doFilterInternal(HiddenHttpMethodFilter.java:93)
	at org.springframework.web.filter.OncePerRequestFilter.doFilter(OncePerRequestFilter.java:107)
	at org.apache.catalina.core.ApplicationFilterChain.internalDoFilter(ApplicationFilterChain.java:193)
	at org.apache.catalina.core.ApplicationFilterChain.doFilter(ApplicationFilterChain.java:166)
	at org.springframework.boot.actuate.metrics.web.servlet.WebMvcMetricsFilter.filterAndRecordMetrics(WebMvcMetricsFilter.java:155)
	at org.springframework.boot.actuate.metrics.web.servlet.WebMvcMetricsFilter.filterAndRecordMetrics(WebMvcMetricsFilter.java:123)
	at org.springframework.boot.actuate.metrics.web.servlet.WebMvcMetricsFilter.doFilterInternal(WebMvcMetricsFilter.java:108)
	at org.springframework.web.filter.OncePerRequestFilter.doFilter(OncePerRequestFilter.java:107)
	at org.apache.catalina.core.ApplicationFilterChain.internalDoFilter(ApplicationFilterChain.java:193)
	at org.apache.catalina.core.ApplicationFilterChain.doFilter(ApplicationFilterChain.java:166)
	at org.springframework.web.filter.CharacterEncodingFilter.doFilterInternal(CharacterEncodingFilter.java:200)
	at org.springframework.web.filter.OncePerRequestFilter.doFilter(OncePerRequestFilter.java:107)
	at org.apache.catalina.core.ApplicationFilterChain.internalDoFilter(ApplicationFilterChain.java:193)
	at org.apache.catalina.core.ApplicationFilterChain.doFilter(ApplicationFilterChain.java:166)
	at org.apache.catalina.core.StandardWrapperValve.invoke(StandardWrapperValve.java:198)
	at org.apache.catalina.core.StandardContextValve.invoke(StandardContextValve.java:96)
	at org.apache.catalina.authenticator.AuthenticatorBase.invoke(AuthenticatorBase.java:493)
	at org.apache.catalina.core.StandardHostValve.invoke(StandardHostValve.java:140)
	at org.apache.catalina.valves.ErrorReportValve.invoke(ErrorReportValve.java:81)
	at org.apache.catalina.core.StandardEngineValve.invoke(StandardEngineValve.java:87)
	at org.apache.catalina.connector.CoyoteAdapter.service(CoyoteAdapter.java:342)
	at org.apache.coyote.http11.Http11Processor.service(Http11Processor.java:800)
	at org.apache.coyote.AbstractProcessorLight.process(AbstractProcessorLight.java:66)
	at org.apache.coyote.AbstractProtocol$ConnectionHandler.process(AbstractProtocol.java:800)
	at org.apache.tomcat.util.net.NioEndpoint$SocketProcessor.doRun(NioEndpoint.java:1471)
	at org.apache.tomcat.util.net.SocketProcessorBase.run(SocketProcessorBase.java:49)
	at java.util.concurrent.ThreadPoolExecutor.runWorker(ThreadPoolExecutor.java:1149)
	at java.util.concurrent.ThreadPoolExecutor$Worker.run(ThreadPoolExecutor.java:624)
	at org.apache.tomcat.util.threads.TaskThread$WrappingRunnable.run(TaskThread.java:61)
	at java.lang.Thread.run(Thread.java:748)
]]></system-err>
  </testcase>
</testsuite>